GROUP,PACKAGE,CLASS,INSTRUCTION_MISSED,INSTRUCTION_COVERED,BRANCH_MISSED,BRANCH_COVERED,LINE_MISSED,LINE_COVERED,COMPLEXITY_MISSED,COMPLEXITY_COVERED,METHOD_MISSED,METHOD_COVERED
openelisglobal,org.openelisglobal.project.service,ProjectServiceImpl,119,0,6,0,27,0,18,0,15,0
openelisglobal,org.openelisglobal.samplebatchentry.form,SampleBatchEntryForm,217,0,0,0,90,0,55,0,55,0
openelisglobal,org.openelisglobal.testresultsview.dao,ClientResultsViewInfoDAOImpl,4,0,0,0,2,0,1,0,1,0
openelisglobal,org.openelisglobal.citystatezip.daoimpl,CityStateZipDAOImpl,1611,0,126,0,363,0,76,0,13,0
openelisglobal,org.openelisglobal.analyzerimport.action.beans,NamedAnalyzerTestMapping,45,0,2,0,16,0,11,0,10,0
openelisglobal,org.openelisglobal.common.rest.provider.bean.homedashboard,OrderDisplayBean,73,0,0,0,31,0,21,0,21,0
openelisglobal,org.openelisglobal.common.rest.provider.bean.homedashboard,DashBoardTile,3,0,0,0,1,0,1,0,1,0
openelisglobal,org.openelisglobal.common.rest.provider.bean.homedashboard,AverageTimeDisplayBean,36,0,0,0,13,0,7,0,7,0
openelisglobal,org.openelisglobal.common.rest.provider.bean.homedashboard,DashBoardMetrics,113,0,0,0,41,0,21,0,21,0
openelisglobal,org.openelisglobal.common.rest.provider.bean.homedashboard,DashBoardTile.TileType,117,0,0,0,5,0,2,0,2,0
openelisglobal,org.openelisglobal.qaevent.valueholder,NceActionLog,147,6,20,0,31,2,25,2,15,2
openelisglobal,org.openelisglobal.qaevent.valueholder,NcEvent,488,6,54,0,109,2,86,2,59,2
openelisglobal,org.openelisglobal.qaevent.valueholder,QaObservationType,18,6,0,0,8,2,5,2,5,2
openelisglobal,org.openelisglobal.qaevent.valueholder,LabComponent,75,6,12,0,15,2,13,2,7,2
openelisglobal,org.openelisglobal.qaevent.valueholder,QaEvent,140,21,2,0,52,6,34,2,33,2
openelisglobal,org.openelisglobal.qaevent.valueholder,NceType,118,6,16,0,25,2,21,2,13,2
openelisglobal,org.openelisglobal.qaevent.valueholder,NceCategory,32,6,0,0,14,2,9,2,9,2
openelisglobal,org.openelisglobal.qaevent.valueholder,QaObservation.ObservedType,37,0,0,0,6,0,3,0,3,0
openelisglobal,org.openelisglobal.qaevent.valueholder,QaObservation,42,11,0,0,17,4,11,2,11,2
openelisglobal,org.openelisglobal.qaevent.valueholder,NceSpecimen,75,6,12,0,15,2,13,2,7,2
openelisglobal,org.openelisglobal.organization.service,OrganizationTypeServiceImpl,12,4,0,0,3,2,3,1,3,1
openelisglobal,org.openelisglobal.organization.service,OrganizationImportServiceImpl,537,3,44,0,113,1,28,1,6,1
openelisglobal,org.openelisglobal.organization.service,OrganizationExportServiceImpl,134,3,12,0,29,1,9,1,3,1
openelisglobal,org.openelisglobal.organization.service,OrganizationServiceImpl,269,22,24,2,58,6,41,3,28,3
openelisglobal,org.openelisglobal.organization.service,OrganizationContactServiceImpl,8,4,0,0,2,2,2,1,2,1
openelisglobal,org.openelisglobal.organization.service,OrganizationImportServiceImpl.OrganizationObjects,6,0,0,0,1,0,1,0,1,0
openelisglobal,org.openelisglobal.sample.controller.rest,SampleEditRestController.SampleEditItemComparator,29,0,4,0,6,0,3,0,1,0
openelisglobal,org.openelisglobal.sample.controller.rest,SamplePatientEntryRestController,1277,0,58,0,199,0,40,0,11,0
openelisglobal,org.openelisglobal.sample.controller.rest,SampleEditRestController,814,0,84,0,192,0,61,0,19,0
openelisglobal,org.openelisglobal.common.rest.provider.bean,PatientInfoBean,243,0,0,0,103,0,67,0,67,0
openelisglobal,org.openelisglobal.common.rest.provider.bean,TestDisplayBean,22,0,0,0,9,0,5,0,5,0
openelisglobal,org.openelisglobal.testcodes.dao,TestCodeDAOImpl,4,0,0,0,2,0,1,0,1,0
openelisglobal,org.openelisglobal.testcodes.dao,OrganizationHL7SchemaDAOImpl,4,0,0,0,2,0,1,0,1,0
openelisglobal,org.openelisglobal.testconfiguration.action,PanelTests,159,0,10,0,35,0,15,0,10,0
openelisglobal,org.openelisglobal.testconfiguration.action,PanelTestConfigurationUtil,144,0,16,0,28,0,11,0,3,0
openelisglobal,org.openelisglobal.testconfiguration.action,SampleTypePanel,25,0,0,0,10,0,5,0,5,0
openelisglobal,org.openelisglobal.datasubmission.validator,DataSubmissionFormValidator,38,0,0,0,8,0,3,0,3,0
openelisglobal,org.openelisglobal.statusofsample.service,StatusOfSampleServiceImpl,167,0,6,0,37,0,14,0,11,0
openelisglobal,org.openelisglobal.audittrail.daoimpl,HistoryDAOImpl,60,4,0,0,16,2,2,1,2,1
openelisglobal,org.openelisglobal.audittrail.daoimpl,AuditTrailServiceImpl,2991,3,330,0,716,1,176,1,11,1
openelisglobal,org.openelisglobal.resultvalidation.controller,BaseResultValidationRetroCIController,172,0,4,0,38,0,8,0,6,0
openelisglobal,org.openelisglobal.resultvalidation.controller,AccessionValidationController,232,0,16,0,64,0,18,0,10,0
openelisglobal,org.openelisglobal.resultvalidation.controller,ResultValidationRetroCController,220,0,18,0,58,0,16,0,7,0
openelisglobal,org.openelisglobal.resultvalidation.controller,BaseResultValidationController,23,0,2,0,8,0,6,0,5,0
openelisglobal,org.openelisglobal.resultvalidation.controller,AccessionValidationRangeController,1367,0,150,0,289,0,97,0,22,0
openelisglobal,org.openelisglobal.resultvalidation.controller,ResultValidationController,1410,0,144,0,302,0,94,0,22,0
openelisglobal,org.openelisglobal.notificationcenter.form,NotificationCenterForm,3,0,0,0,1,0,1,0,1,0
openelisglobal,org.openelisglobal.referral.controller.rest,ReferredOutTestsRestController.NonNumericTests,6,0,0,0,1,0,1,0,1,0
openelisglobal,org.openelisglobal.referral.controller.rest,ReferredOutTestsRestController,71,0,2,0,13,0,6,0,5,0
openelisglobal,org.openelisglobal.barcode.controller.rest,BarcodeConfigurationRestController,362,0,16,0,91,0,17,0,9,0
openelisglobal,org.openelisglobal.common.services.beanAdapters,ResultSaveBeanAdapter,109,0,0,0,28,0,3,0,3,0
openelisglobal,org.openelisglobal.dataexchange.order.controller,ElectronicOrdersController,400,0,34,0,88,0,27,0,10,0
openelisglobal,org.openelisglobal.dataexchange.order.controller,StudyElectronicOrdersController,747,0,68,0,170,0,45,0,11,0
openelisglobal,org.openelisglobal.dataexchange.order.controller,RestElectronicOrdersController,397,0,34,0,88,0,27,0,10,0
openelisglobal,org.openelisglobal.resultreporting.service,ResultReportingConfigurationServiceImpl,37,0,4,0,9,0,4,0,2,0
openelisglobal,org.openelisglobal.reports.send.common.handler,DateHandler,51,0,2,0,17,0,6,0,5,0
openelisglobal,org.openelisglobal.reports.send.common.handler,TimestampHandler,50,0,2,0,17,0,6,0,5,0
openelisglobal,org.openelisglobal.common.service,DatabaseCleanServiceImpl,14,0,0,0,3,0,2,0,2,0
openelisglobal,org.openelisglobal.common.service,BaseObjectServiceImpl,366,155,18,4,65,28,41,14,31,13
openelisglobal,org.openelisglobal.common.service,AuditableBaseObjectServiceImpl,119,129,9,13,24,32,12,15,7,9
openelisglobal,org.openelisglobal.common.service,EnumValueItemImplServiceImpl,7,0,0,0,3,0,2,0,2,0
openelisglobal,org.openelisglobal.common.service,DatabaseChangeLogServiceImpl,10,0,0,0,3,0,3,0,3,0
openelisglobal,org.openelisglobal.common.service,DatabaseCleanServiceImpl.new Work() {...},12,0,0,0,3,0,2,0,2,0
openelisglobal,org.openelisglobal.common.service,AccessionServiceImpl,146,0,8,0,25,0,11,0,7,0
openelisglobal,org.openelisglobal.patienttype.dao,BasePatientTypeDAOImpl,0,4,0,0,0,2,0,1,0,1
openelisglobal,org.openelisglobal.validation.annotations,Password.PasswordState,24,0,0,0,2,0,1,0,1,0
openelisglobal,org.openelisglobal.validation.annotations,SafeHtml.SafeListLevel,0,54,0,0,0,2,0,1,0,1
openelisglobal,org.openelisglobal.documentation.controller,DocumentationController,20,0,2,0,7,0,3,0,2,0
openelisglobal,org.openelisglobal.testtrailer.valueholder,TestTrailer,25,6,0,0,11,3,7,2,7,2
openelisglobal,org.openelisglobal.notification.controller.rest,TestNotificationConfigRestController,149,0,18,0,37,0,18,0,9,0
openelisglobal,org.openelisglobal.notification.controller.rest,TestNotificationConfigMenuRestController,162,0,12,0,40,0,17,0,11,0
openelisglobal,org.openelisglobal.samplepdf.valueholder,SamplePdf,25,6,0,0,11,2,7,2,7,2
openelisglobal,org.openelisglobal.reports.service,DocumentTypeServiceImpl,15,0,0,0,4,0,3,0,3,0
openelisglobal,org.openelisglobal.reports.service,WHONetReportServiceImpl,393,0,20,0,71,0,20,0,10,0
openelisglobal,org.openelisglobal.reports.service,DocumentTrackServiceImpl,67,0,0,0,15,0,4,0,4,0
openelisglobal,org.openelisglobal.fhir.transormation.controller,FhirTransformationController.TransformationInfo,6,0,0,0,1,0,1,0,1,0
openelisglobal,org.openelisglobal.fhir.transormation.controller,FhirTransformationController,748,0,60,0,143,0,43,0,13,0
openelisglobal,org.openelisglobal.testcalculated.valueholder,ResultCalculation,45,0,0,0,19,0,13,0,13,0
openelisglobal,org.openelisglobal.testcalculated.valueholder,Operation.PatientAttribute,40,0,0,0,7,0,4,0,4,0
openelisglobal,org.openelisglobal.testcalculated.valueholder,Calculation,88,0,0,0,38,0,23,0,23,0
openelisglobal,org.openelisglobal.testcalculated.valueholder,Operation.OperationType,62,0,0,0,8,0,4,0,4,0
openelisglobal,org.openelisglobal.testcalculated.valueholder,Operation,162,0,0,0,33,0,13,0,13,0
openelisglobal,org.openelisglobal.test.form,BatchTestReassignmentForm,60,0,0,0,25,0,13,0,13,0
openelisglobal,org.openelisglobal.analyzerimport.valueholder,AnalyzerTestMappingPK,64,0,10,0,15,0,12,0,7,0
openelisglobal,org.openelisglobal.analyzerimport.valueholder,AnalyzerTestMapping,93,0,8,0,26,0,18,0,14,0
openelisglobal,org.openelisglobal.dataexchange.aggregatereporting.form,TestUsageConfigurationForm,107,0,0,0,44,0,23,0,23,0
openelisglobal,org.openelisglobal.dictionary.form,DictionaryMenuForm,0,30,0,0,0,13,0,7,0,7
openelisglobal,org.openelisglobal.dictionary.form,DictionaryForm,80,0,0,0,33,0,17,0,17,0
openelisglobal,org.openelisglobal.common.services.historyservices,AnalysisHistoryService,99,0,4,0,27,0,8,0,6,0
openelisglobal,org.openelisglobal.common.services.historyservices,OrderHistoryService,336,0,22,0,76,0,18,0,7,0
openelisglobal,org.openelisglobal.common.services.historyservices,PatientHistoryHistoryService,417,0,34,0,97,0,26,0,9,0
openelisglobal,org.openelisglobal.common.services.historyservices,SampleHistoryService,125,0,4,0,29,0,7,0,5,0
openelisglobal,org.openelisglobal.common.services.historyservices,QaHistoryService,90,0,2,0,22,0,6,0,5,0
openelisglobal,org.openelisglobal.common.services.historyservices,AbstractHistoryService.new Comparator() {...},12,0,0,0,2,0,2,0,2,0
openelisglobal,org.openelisglobal.common.services.historyservices,ProgramSampleHistoryService,856,0,34,0,175,0,27,0,10,0
openelisglobal,org.openelisglobal.common.services.historyservices,AbstractHistoryService,342,0,40,0,82,0,34,0,14,0
openelisglobal,org.openelisglobal.common.services.historyservices,PatientHistoryService,214,0,4,0,43,0,7,0,5,0
openelisglobal,org.openelisglobal.common.services.historyservices,ReportHistoryService,110,0,6,0,29,0,8,0,5,0
openelisglobal,org.openelisglobal.common.services.historyservices,ResultHistoryService,114,0,6,0,30,0,9,0,6,0
openelisglobal,org.openelisglobal.common.services.historyservices,NoteHistoryService,277,0,10,0,64,0,13,0,8,0
openelisglobal,org.openelisglobal.dictionary.daoimpl,DictionaryDAOImpl,147,213,15,13,44,46,12,12,1,9
openelisglobal,org.openelisglobal.siteinformation.validator,SiteInformationFormValidator,124,0,0,0,7,0,3,0,3,0
openelisglobal,org.openelisglobal.siteinformation.validator,SiteInformationMenuFormValidator,50,0,0,0,5,0,3,0,3,0
openelisglobal,org.openelisglobal.testcodes.valueholder,TestSchemaPK,70,0,10,0,15,0,13,0,8,0
openelisglobal,org.openelisglobal.testcodes.valueholder,TestCodeType,11,6,0,0,5,2,3,2,3,2
openelisglobal,org.openelisglobal.testcodes.valueholder,OrganizationSchemaPK,70,0,10,0,16,0,13,0,8,0
openelisglobal,org.openelisglobal.testcodes.valueholder,OrganizationHL7Schema,40,0,0,0,14,0,9,0,9,0
openelisglobal,org.openelisglobal.testcodes.valueholder,TestCode,47,0,0,0,17,0,11,0,11,0
openelisglobal,org.openelisglobal.reports.valueholder.common,JRHibernateDataSource,149,0,10,0,35,0,13,0,8,0
openelisglobal,org.openelisglobal.sampleproject.valueholder,SampleProject,67,16,0,0,27,5,17,2,17,2
openelisglobal,org.openelisglobal.patient.controller.rest,PatientManagementRestController,207,0,20,0,58,0,18,0,8,0
openelisglobal,org.openelisglobal.analyzer.daoimpl,AnalyzerExperimentDAOImpl,4,0,0,0,2,0,1,0,1,0
openelisglobal,org.openelisglobal.analyzer.daoimpl,AnalyzerDAOImpl,4,0,0,0,2,0,1,0,1,0
openelisglobal,org.openelisglobal.reports.controller.rest,ReportRestController,159,0,12,0,50,0,12,0,6,0
openelisglobal,org.openelisglobal.program.dao,PathologySampleDAOImpl,35,106,0,0,6,19,2,7,2,7
openelisglobal,org.openelisglobal.program.dao,ProgramSampleDAOImpl,8,52,4,4,3,14,4,3,0,3
openelisglobal,org.openelisglobal.program.dao,ProgramDAOImpl,0,4,0,0,0,2,0,1,0,1
openelisglobal,org.openelisglobal.program.dao,ImmunohistochemistrySampleDAOImpl,163,4,0,0,29,2,9,1,9,1
openelisglobal,org.openelisglobal.analyzerimport.form,AnalyzerTestNameForm,51,0,0,0,22,0,13,0,13,0
openelisglobal,org.openelisglobal.analyzerimport.form,AnalyzerTestNameMenuForm,20,0,0,0,9,0,5,0,5,0
openelisglobal,org.openelisglobal.menu.valueholder,Menu,22,88,4,0,7,35,5,23,3,23
openelisglobal,org.openelisglobal.menu.valueholder,AdminMenuItem,3,14,0,0,1,6,1,4,1,4
openelisglobal,org.openelisglobal.analyzerresults.valueholder,AnalyzerResults,91,15,0,0,37,5,25,2,25,2
openelisglobal,org.openelisglobal.note.daoimpl,NoteDAOImpl,237,0,4,0,51,0,8,0,6,0
openelisglobal,org.openelisglobal.menu.service,AdminMenuItemServiceImpl,75,398,16,16,20,107,16,4,0,4
openelisglobal,org.openelisglobal.menu.service,AdminMenuItemServiceImpl.new Comparator() {...},0,16,0,0,0,3,0,2,0,2
openelisglobal,org.openelisglobal.menu.service,MenuServiceImpl,29,94,3,5,5,26,4,7,1,6
openelisglobal,org.openelisglobal.address.daoimpl,PersonAddressDAOImpl,14,58,0,0,6,13,0,3,0,3
openelisglobal,org.openelisglobal.address.daoimpl,AddressPartDAOImpl,0,4,0,0,0,2,0,1,0,1
openelisglobal,org.openelisglobal.address.daoimpl,OrganizationAddressDAOImpl,7,27,0,0,3,7,0,2,0,2
openelisglobal,org.openelisglobal.localization.valueholder,Localization.new Comparator() {...},19,0,0,0,2,0,2,0,2,0
openelisglobal,org.openelisglobal.localization.valueholder,LocalizedId,3,0,0,0,1,0,1,0,1,0
openelisglobal,org.openelisglobal.localization.valueholder,Localization,153,71,14,4,40,20,20,10,11,10
openelisglobal,org.openelisglobal.requester.service,RequesterTypeServiceImpl,12,0,0,0,4,0,3,0,3,0
openelisglobal,org.openelisglobal.requester.service,SampleRequesterServiceImpl,21,0,0,0,6,0,4,0,4,0
openelisglobal,org.openelisglobal.rolemodule.service,RoleModuleServiceImpl,115,4,8,0,24,2,16,1,12,1
openelisglobal,org.openelisglobal.role.daoimpl,RoleDAOImpl,258,4,4,0,73,2,10,1,8,1
openelisglobal,org.openelisglobal.common.rest.provider,CommonValidationsRestController,509,0,87,0,121,0,49,0,5,0
openelisglobal,org.openelisglobal.common.rest.provider,AllTestsForSampleTypeProviderRestController,86,0,6,0,22,0,6,0,3,0
openelisglobal,org.openelisglobal.common.rest.provider,PendingAnalysisForTestProviderRestController,166,0,4,0,39,0,7,0,5,0
openelisglobal,org.openelisglobal.common.rest.provider,SampleEntryTestsForTypeProviderRestController.SampleEntryTests,27,0,0,0,11,0,7,0,7,0
openelisglobal,org.openelisglobal.common.rest.provider,PatientDashBoardProvider,1118,0,87,0,246,0,78,0,25,0
openelisglobal,org.openelisglobal.common.rest.provider,CommonValidationsRestController.ResponseObject,20,0,0,0,9,0,5,0,5,0
openelisglobal,org.openelisglobal.common.rest.provider,PatientSearchRestController,764,0,116,0,163,0,72,0,14,0
openelisglobal,org.openelisglobal.common.rest.provider,SampleEntryTestsForTypeProviderRestController.PanelTestMap,30,0,0,0,10,0,5,0,5,0
openelisglobal,org.openelisglobal.common.rest.provider,HealthDistrictsForRegionRestController,41,0,4,0,12,0,5,0,3,0
openelisglobal,org.openelisglobal.common.rest.provider,ResultsTreeProviderRestController,735,0,62,0,142,0,36,0,5,0
openelisglobal,org.openelisglobal.common.rest.provider,CommonPropertiesController,109,0,10,0,27,0,11,0,6,0
openelisglobal,org.openelisglobal.common.rest.provider,SampleEntryTestsForTypeProviderRestController.TestMap,36,0,0,0,14,0,7,0,7,0
openelisglobal,org.openelisglobal.common.rest.provider,SampleEntryTestsForTypeProviderRestController,359,0,24,0,72,0,26,0,14,0
openelisglobal,org.openelisglobal.common.rest.provider,PatientSearchPopulateRestController,346,0,30,0,78,0,22,0,7,0
openelisglobal,org.openelisglobal.common.rest.provider,SampleEntryTestsForTypeProviderRestController.new Comparator() {...},12,0,0,0,2,0,2,0,2,0
openelisglobal,org.openelisglobal.common.rest.provider,SampleEntryTestsForTypeProviderRestController.new Comparator() {...},47,0,8,0,15,0,6,0,2,0
openelisglobal,org.openelisglobal.panel.daoimpl,PanelDAOImpl,520,0,32,0,138,0,36,0,20,0
openelisglobal,org.openelisglobal.patient.controller,PatientManagementController,486,0,30,0,91,0,31,0,16,0
openelisglobal,org.openelisglobal.patient.controller,BasePatientEntryByProject,678,0,18,0,70,0,18,0,9,0
openelisglobal,org.openelisglobal.patient.controller,PatientEntryByProjectController,275,0,29,0,81,0,22,0,7,0
openelisglobal,org.openelisglobal.patient.controller,PatientEditByProjectController,231,0,29,0,62,0,23,0,8,0
openelisglobal,org.openelisglobal.observationhistorytype.daoimpl,ObservationHistoryTypeDAOImpl,64,0,2,0,18,0,4,0,3,0
openelisglobal,org.openelisglobal.scheduler.valueholder,CronScheduler,78,6,4,0,32,2,21,2,19,2
openelisglobal,org.openelisglobal.dataexchange.aggregatereporting.daoimpl,ReportExternalImportDAOImpl,167,0,2,0,43,0,7,0,6,0
openelisglobal,org.openelisglobal.dataexchange.aggregatereporting.daoimpl,ReportExternalExportDAOImpl,303,0,6,0,77,0,14,0,11,0
openelisglobal,org.openelisglobal.dataexchange.aggregatereporting.daoimpl,ReportQueueTypeDAOImpl,33,0,0,0,10,0,2,0,2,0
openelisglobal,org.openelisglobal.analyzerresults.action.beanitems,AnalyzerResultItem,320,0,4,0,130,0,77,0,75,0
openelisglobal,org.openelisglobal.common.rest.util,DisplayListPaging,83,0,6,0,18,0,8,0,5,0
openelisglobal,org.openelisglobal.common.rest.util,PatientSearchResultsPaging.PatientSearchResultsPageHelper,148,0,20,0,38,0,14,0,4,0
openelisglobal,org.openelisglobal.common.rest.util,PatientDashBoardPaging.PatientDashboardPageHelper,163,0,22,0,40,0,15,0,4,0
openelisglobal,org.openelisglobal.common.rest.util,PatientDashBoardPaging,81,0,6,0,18,0,8,0,5,0
openelisglobal,org.openelisglobal.common.rest.util,DisplayListPaging.DisplayListPageHelper,163,0,22,0,40,0,15,0,4,0
openelisglobal,org.openelisglobal.common.rest.util,PatientSearchResultsPaging,73,0,6,0,17,0,7,0,4,0
openelisglobal,org.openelisglobal.common.propertyeditor,CaseInsensitiveEnumPropertyEditor,34,0,4,0,7,0,4,0,2,0
openelisglobal,org.openelisglobal.label.service,LabelServiceImpl,7,0,0,0,3,0,2,0,2,0
openelisglobal,org.openelisglobal.result.controller.rest,LogbookStatusResults,344,0,42,0,84,0,35,0,14,0
openelisglobal,org.openelisglobal.result.controller.rest,LogbookResultsRestController,2315,0,284,0,479,0,177,0,35,0
openelisglobal,org.openelisglobal.externalconnections.valueholder,ExternalConnection.AuthType,7,51,0,0,2,8,2,2,2,2
openelisglobal,org.openelisglobal.externalconnections.valueholder,ExternalConnectionContact,21,3,0,0,9,1,6,1,6,1
openelisglobal,org.openelisglobal.externalconnections.valueholder,ExternalConnection,49,3,0,0,21,1,14,1,14,1
openelisglobal,org.openelisglobal.externalconnections.valueholder,BasicAuthenticationData,28,3,0,0,9,1,7,1,7,1
openelisglobal,org.openelisglobal.externalconnections.valueholder,CertificateAuthenticationData,13,3,0,0,6,1,5,1,5,1
openelisglobal,org.openelisglobal.externalconnections.valueholder,ExternalConnection.ProgrammedConnection,7,63,0,0,2,9,2,2,2,2
openelisglobal,org.openelisglobal.externalconnections.valueholder,ExternalConnectionAuthenticationData,14,3,0,0,6,1,4,1,4,1
openelisglobal,org.openelisglobal.patienttype.util,PatientTypeMap,84,0,10,0,22,0,11,0,6,0
openelisglobal,org.openelisglobal.testtrailer.service,TestTrailerServiceImpl,88,0,6,0,20,0,15,0,12,0
openelisglobal,org.openelisglobal.dictionary.util,DictionaryUtil,5,0,0,0,2,0,2,0,2,0
openelisglobal,org.openelisglobal.reports.send.sample.valueholder.influenza,ProviderXmit,24,0,0,0,11,0,7,0,7,0
openelisglobal,org.openelisglobal.reports.send.sample.valueholder.influenza,PatientXmit,90,0,6,0,35,0,22,0,19,0
openelisglobal,org.openelisglobal.reports.send.sample.valueholder.influenza,MNPHLXmit,31,0,0,0,13,0,9,0,9,0
openelisglobal,org.openelisglobal.reports.send.sample.valueholder.influenza,SampleXmit,52,0,0,0,23,0,15,0,15,0
openelisglobal,org.openelisglobal.analyzerresults.daoimpl,AnalyzerResultsDAOImpl,82,0,2,0,20,0,4,0,3,0
openelisglobal,org.openelisglobal.common.formfields,CI_RETROFormFields,189,0,0,0,23,0,2,0,2,0
openelisglobal,org.openelisglobal.common.formfields,HT_AdminFormFields,34,0,0,0,8,0,2,0,2,0
openelisglobal,org.openelisglobal.common.formfields,DefaultFormFields,368,0,20,0,105,0,16,0,6,0
openelisglobal,org.openelisglobal.common.formfields,FormFields.Field,714,0,0,0,72,0,1,0,1,0
openelisglobal,org.openelisglobal.common.formfields,CI_GeneralFormFields,549,0,0,0,63,0,2,0,2,0
openelisglobal,org.openelisglobal.common.formfields,AdminFormFields.Field,0,554,0,0,0,11,0,1,0,1
openelisglobal,org.openelisglobal.common.formfields,KenyaFormFields,414,0,0,0,48,0,2,0,2,0
openelisglobal,org.openelisglobal.common.formfields,HT_LNSPFormFields,261,0,0,0,31,0,2,0,2,0
openelisglobal,org.openelisglobal.common.formfields,CI_RETROAdminFormFields,39,0,0,0,9,0,2,0,2,0
openelisglobal,org.openelisglobal.common.formfields,FormFields,54,0,4,0,14,0,8,0,6,0
openelisglobal,org.openelisglobal.common.formfields,MauritiusAdminFormFields,0,29,0,0,0,7,0,2,0,2
openelisglobal,org.openelisglobal.common.formfields,FormField,67,0,0,0,29,0,13,0,13,0
openelisglobal,org.openelisglobal.common.formfields,AdminFormFields,0,27,0,2,0,8,0,5,0,4
openelisglobal,org.openelisglobal.common.formfields,AAdminFormFields,8,18,2,2,2,7,2,2,0,2
openelisglobal,org.openelisglobal.common.formfields,HT_LNSPAdministrationFormFields,24,0,0,0,6,0,2,0,2,0
openelisglobal,org.openelisglobal.common.formfields,HT_ClinicalFormFields,153,0,0,0,19,0,2,0,2,0
openelisglobal,org.openelisglobal.common.formfields,KenyaAdminFormFields,24,0,0,0,6,0,2,0,2,0
openelisglobal,org.openelisglobal.common.formfields,CI_GeneralAdminFormFields,29,0,0,0,7,0,2,0,2,0
openelisglobal,org.openelisglobal.common.formfields,MauritiusFormFields,579,0,0,0,66,0,2,0,2,0
openelisglobal,org.openelisglobal.common.formfields,CI_LNSPAdminFormFields,24,0,0,0,6,0,2,0,2,0
openelisglobal,org.openelisglobal.common.formfields,CI_LNSPFormFields,459,0,0,0,53,0,2,0,2,0
openelisglobal,org.openelisglobal.common.formfields,AFormFields,64,0,6,0,13,0,5,0,2,0
openelisglobal,org.openelisglobal.common.formfields,DefaultAdminFormFields,32,378,7,7,7,68,7,3,0,3
openelisglobal,org.openelisglobal.patienttype.daoimpl,PatientTypeDAOImpl,83,194,4,4,27,53,5,9,1,9
openelisglobal,org.openelisglobal.patienttype.daoimpl,PatientPatientTypeDAOImpl,67,4,2,0,19,2,3,1,2,1
openelisglobal,org.openelisglobal.analysisqaevent.dao,AnalysisQaEventDAOImpl,4,0,0,0,2,0,1,0,1,0
openelisglobal,org.openelisglobal.provider.service,ProviderServiceImpl,216,7,14,0,48,3,19,2,12,2
openelisglobal,org.openelisglobal.provider.service,ProviderImportServiceImpl,148,3,16,0,32,1,10,1,2,1
openelisglobal,org.openelisglobal.menu.util,MenuUtil,421,14,50,0,107,5,37,2,12,2
openelisglobal,org.openelisglobal.menu.util,MenuItem,8,22,0,0,2,8,1,5,1,5
openelisglobal,org.openelisglobal.menu.util,MenuItem.new Comparator() {...},14,0,0,0,2,0,2,0,2,0
openelisglobal,org.openelisglobal.siteinformation.form,SiteInformationMenuForm,24,0,0,0,11,0,7,0,7,0
openelisglobal,org.openelisglobal.siteinformation.form,SiteInformationForm,104,0,0,0,43,0,23,0,23,0
openelisglobal,org.openelisglobal.program.controller.immunohistochemistry,ImmunohistochemistryController,130,0,0,0,27,0,8,0,8,0
openelisglobal,org.openelisglobal.program.controller.immunohistochemistry,ImmunohistochemistrySampleForm.ImmunohistochemistryReportForm,27,0,0,0,7,0,3,0,3,0
openelisglobal,org.openelisglobal.program.controller.immunohistochemistry,ImmunohistochemistrySampleForm,49,0,0,0,20,0,13,0,13,0
openelisglobal,org.openelisglobal.sample.validator,SamplePatientEntryFormValidator,141,3,18,0,37,1,13,1,4,1
openelisglobal,org.openelisglobal.sample.validator,SampleEditFormValidator,222,3,20,0,50,1,14,1,4,1
openelisglobal,org.openelisglobal.sampleitem.daoimpl,SampleItemDAOImpl,346,4,10,0,90,2,14,1,9,1
openelisglobal,org.openelisglobal.resultvalidation.form,AccessionValidationForm,224,0,0,0,90,0,50,0,50,0
openelisglobal,org.openelisglobal.resultvalidation.form,ResultValidationForm,109,0,0,0,46,0,25,0,25,0
openelisglobal,org.openelisglobal.dataexchange.fhir.service,TaskInterpreterImpl.Gender,37,0,0,0,6,0,3,0,3,0
openelisglobal,org.openelisglobal.dataexchange.fhir.service,FhirTransformServiceImpl,4464,0,419,0,903,0,278,0,68,0
openelisglobal,org.openelisglobal.dataexchange.fhir.service,FhirApiWorkFlowServiceImpl.OriginalReferralObjects,6,0,0,0,1,0,1,0,1,0
openelisglobal,org.openelisglobal.dataexchange.fhir.service,CountingTempIdGenerator,15,0,0,0,3,0,2,0,2,0
openelisglobal,org.openelisglobal.dataexchange.fhir.service,TaskInterpreterImpl,853,0,116,0,180,0,79,0,20,0
openelisglobal,org.openelisglobal.dataexchange.fhir.service,TaskWorker,436,0,39,0,96,0,34,0,13,0
openelisglobal,org.openelisglobal.dataexchange.fhir.service,FhirApiWorkFlowServiceImpl.ReferralResultsImportObjects,18,0,0,0,3,0,1,0,1,0
openelisglobal,org.openelisglobal.dataexchange.fhir.service,FhirTransformServiceImpl.FhirOrderEntryObjects,11,0,0,0,2,0,1,0,1,0
openelisglobal,org.openelisglobal.dataexchange.fhir.service,FhirPersistanceServiceImpl,1050,0,70,0,253,0,58,0,23,0
openelisglobal,org.openelisglobal.dataexchange.fhir.service,FhirTransformServiceImpl.FhirSampleEntryObjects,11,0,0,0,2,0,1,0,1,0
openelisglobal,org.openelisglobal.dataexchange.fhir.service,FhirApiWorkFlowServiceImpl,2456,0,210,0,531,0,132,0,27,0
openelisglobal,org.openelisglobal.dataexchange.fhir.service,TaskInterpreterImpl.IdentityType,70,0,0,0,6,0,3,0,3,0
openelisglobal,org.openelisglobal.dataexchange.fhir.service,TaskWorker.TaskResult,44,0,0,0,2,0,1,0,1,0
openelisglobal,org.openelisglobal.dataexchange.fhir.service,TaskInterpreterImpl.ServiceIdentifier,37,0,0,0,6,0,3,0,3,0
openelisglobal,org.openelisglobal.dataexchange.fhir.service,FhirPersistanceServiceImpl.FhirOperations,39,0,0,0,11,0,3,0,3,0
openelisglobal,org.openelisglobal.person.service,PersonServiceImpl,78,199,19,19,12,49,18,19,2,16
openelisglobal,org.openelisglobal.observationhistory.valueholder,ObservationHistory.ValueType,48,0,0,0,8,0,3,0,3,0
openelisglobal,org.openelisglobal.observationhistory.valueholder,ObservationHistory,271,6,46,0,77,3,42,2,19,2
openelisglobal,org.openelisglobal.common.provider.data,NextTestSortOrderDataProvider,93,0,6,0,25,0,7,0,4,0
openelisglobal,org.openelisglobal.common.provider.data,BaseDataProvider,13,0,0,0,5,0,3,0,3,0
openelisglobal,org.openelisglobal.common.provider.data,DataProviderFactory,95,0,6,0,33,0,8,0,5,0
openelisglobal,org.openelisglobal.common.provider.data,DataProviderFactory.SingletonHelper,5,0,0,0,1,0,1,0,1,0
openelisglobal,org.openelisglobal.analyzerimport.util,MappedTestName,31,0,0,0,13,0,9,0,9,0
openelisglobal,org.openelisglobal.analyzerimport.util,AnalyzerTestNameCache,319,0,14,0,79,0,20,0,13,0
openelisglobal,org.openelisglobal.analyzerimport.util,AnalyzerTestNameCache.SingletonHelper,5,0,0,0,1,0,1,0,1,0
openelisglobal,org.openelisglobal.county.valueholder,County,35,17,0,0,14,5,9,2,9,2
openelisglobal,org.openelisglobal.systemusermodule.service,PermissionModuleServiceImpl,290,3,2,0,55,1,49,1,48,1
openelisglobal,org.openelisglobal.systemusermodule.service,SystemUserModuleServiceImpl,111,4,8,0,27,2,16,1,12,1
openelisglobal,org.openelisglobal.referral.action.beanitems,ReferredTest,108,0,2,0,42,0,26,0,25,0
openelisglobal,org.openelisglobal.referral.action.beanitems,ReferralItem,229,0,0,0,95,0,59,0,59,0
openelisglobal,org.openelisglobal.referral.action.beanitems,ReferralDisplayItem,87,0,0,0,37,0,25,0,25,0
openelisglobal,org.openelisglobal.test.controller,BatchTestReassignmentController,621,0,53,0,145,0,43,0,15,0
openelisglobal,org.openelisglobal.test.controller,BatchTestReassignmentController.StatusChangedMetaInfo,6,0,0,0,1,0,1,0,1,0
openelisglobal,org.openelisglobal.scriptlet.service,ScriptletServiceImpl,93,0,6,0,21,0,16,0,13,0
openelisglobal,org.openelisglobal.common.provider.autocomplete,CityAutocompleteProvider,19,0,0,0,5,0,2,0,2,0
openelisglobal,org.openelisglobal.common.provider.autocomplete,DictionaryAutocompleteProvider,24,0,0,0,6,0,2,0,2,0
openelisglobal,org.openelisglobal.common.provider.autocomplete,MethodAutocompleteProvider,19,0,0,0,5,0,2,0,2,0
openelisglobal,org.openelisglobal.common.provider.autocomplete,TestAutocompleteProvider,20,0,0,0,5,0,2,0,2,0
openelisglobal,org.openelisglobal.common.provider.autocomplete,OrganizationAutocompleteProvider,35,0,2,0,9,0,3,0,2,0
openelisglobal,org.openelisglobal.common.provider.autocomplete,BaseAutocompleteProvider,13,0,0,0,5,0,3,0,3,0
openelisglobal,org.openelisglobal.common.provider.autocomplete,TestTrailerAutocompleteProvider,19,0,0,0,5,0,2,0,2,0
openelisglobal,org.openelisglobal.common.provider.autocomplete,TestSectionAutocompleteProvider,20,0,0,0,5,0,2,0,2,0
openelisglobal,org.openelisglobal.common.provider.autocomplete,AutocompleteProviderFactory,95,0,6,0,33,0,8,0,5,0
openelisglobal,org.openelisglobal.common.provider.autocomplete,AutocompleteProviderFactory.SingletonHelper,5,0,0,0,1,0,1,0,1,0
openelisglobal,org.openelisglobal.common.provider.reports,ReportsProviderFactory,101,0,6,0,34,0,8,0,5,0
openelisglobal,org.openelisglobal.common.provider.reports,BaseReportsProvider,383,0,50,0,93,0,37,0,12,0
openelisglobal,org.openelisglobal.common.provider.reports,ResultsReportProvider,627,0,42,0,149,0,27,0,6,0
openelisglobal,org.openelisglobal.common.provider.reports,BasePrintProvider,389,0,50,0,93,0,37,0,12,0
openelisglobal,org.openelisglobal.common.provider.reports,ReportsProviderFactory.SingletonHelper,5,0,0,0,1,0,1,0,1,0
openelisglobal,org.openelisglobal.common.provider.reports,MycologyWorksheetProvider,147,0,4,0,45,0,4,0,2,0
openelisglobal,org.openelisglobal.common.provider.reports,ResultsReportProvider.new TransactionCallback() {...},1197,0,80,0,263,0,42,0,2,0
openelisglobal,org.openelisglobal.interceptor,UrlErrorsInterceptor,71,0,12,0,16,0,8,0,2,0
openelisglobal,org.openelisglobal.interceptor,CommonPageAttributesInterceptor,73,0,8,0,16,0,7,0,3,0
openelisglobal,org.openelisglobal.interceptor,ModuleAuthenticationInterceptor,280,0,46,0,70,0,32,0,9,0
openelisglobal,org.openelisglobal.systemuser.validator,UnifiedSystemUserFormValidator,35,0,6,0,10,0,6,0,3,0
openelisglobal,org.openelisglobal.testdictionary.daoimpl,TestDictionaryDAOImpl,35,0,0,0,10,0,2,0,2,0
openelisglobal,org.openelisglobal.notifications.dao,NotificationSubscriptionDAOImpl,81,0,4,0,23,0,8,0,6,0
openelisglobal,org.openelisglobal.notifications.dao,NotificationDAOImpl,66,0,0,0,18,0,8,0,8,0
openelisglobal,org.openelisglobal.sampleqaeventaction.dao,SampleQaEventActionDAOImpl,4,0,0,0,2,0,1,0,1,0
openelisglobal,org.openelisglobal.referral.service,ReferralTypeServiceImpl,15,0,0,0,4,0,3,0,3,0
openelisglobal,org.openelisglobal.referral.service,ReferralSetServiceImpl,511,0,64,0,114,0,37,0,5,0
openelisglobal,org.openelisglobal.referral.service,ReferralReasonServiceImpl,11,0,0,0,4,0,3,0,3,0
openelisglobal,org.openelisglobal.referral.service,ReferralResultServiceImpl,25,0,0,0,6,0,5,0,5,0
openelisglobal,org.openelisglobal.referral.service,ReferringTestResultServiceImpl,12,0,0,0,4,0,3,0,3,0
openelisglobal,org.openelisglobal.referral.service,ReferralItemServiceImpl,515,0,64,0,126,0,40,0,8,0
openelisglobal,org.openelisglobal.referral.service,ReferralItemServiceImpl.ReferralComparator,26,0,4,0,7,0,3,0,1,0
openelisglobal,org.openelisglobal.referral.service,ReferralServiceImpl,492,0,54,0,98,0,50,0,22,0
openelisglobal,org.openelisglobal.reports.send.sample.dao,SampleTransmissionSequenceDAOImpl,4,0,0,0,2,0,1,0,1,0
openelisglobal,org.openelisglobal.home.controller,HomeController,35,0,2,0,12,0,8,0,7,0
openelisglobal,org.openelisglobal.dataexchange.order.valueholder,ElectronicOrder.SortOrder,95,0,4,0,13,0,7,0,5,0
openelisglobal,org.openelisglobal.dataexchange.order.valueholder,ElectronicOrderDisplayItem,143,0,0,0,61,0,41,0,41,0
openelisglobal,org.openelisglobal.dataexchange.order.valueholder,ElectronicOrderType,24,0,0,0,2,0,1,0,1,0
openelisglobal,org.openelisglobal.dataexchange.order.valueholder,ElectronicOrder,84,11,0,0,35,4,23,2,23,2
openelisglobal,org.openelisglobal.action.valueholder,Action,44,6,2,0,15,3,9,2,8,2
openelisglobal,org.openelisglobal.notification.controller,TestNotificationConfigController,156,0,16,0,37,0,17,0,9,0
openelisglobal,org.openelisglobal.notification.controller,TestNotificationConfigMenuController,179,0,12,0,44,0,17,0,11,0
openelisglobal,org.openelisglobal.common,JSONUtils,85,0,14,0,23,0,10,0,3,0
openelisglobal,org.openelisglobal.userrole.valueholder,UserRole,104,0,8,0,29,0,20,0,16,0
openelisglobal,org.openelisglobal.userrole.valueholder,UserLabUnitRoles,17,0,0,0,7,0,5,0,5,0
openelisglobal,org.openelisglobal.userrole.valueholder,LabUnitRoleMap,24,0,0,0,10,0,7,0,7,0
openelisglobal,org.openelisglobal.userrole.valueholder,UserRolePK,70,0,10,0,15,0,13,0,8,0
openelisglobal,org.openelisglobal.sampledomain.valueholder,SampleDomain,18,6,0,0,8,3,5,2,5,2
openelisglobal,org.openelisglobal.image.service,ImageServiceImpl,77,0,9,0,22,0,13,0,8,0
openelisglobal,org.openelisglobal.reportconfiguration.service,ReportServiceImpl,345,0,24,0,75,0,19,0,7,0
openelisglobal,org.openelisglobal.common.servlet.autocomplete,AjaxXMLServlet,79,0,4,0,18,0,4,0,2,0
openelisglobal,org.openelisglobal.test.daoimpl,TestSectionDAOImpl,453,0,14,0,127,0,22,0,15,0
openelisglobal,org.openelisglobal.test.daoimpl,TestDAOImpl,1284,0,44,0,340,0,61,0,39,0
openelisglobal,org.openelisglobal.typeofsample.daoimpl,TypeOfSampleTestDAOImpl,237,0,6,0,65,0,12,0,9,0
openelisglobal,org.openelisglobal.typeofsample.daoimpl,TypeOfSamplePanelDAOImpl,208,0,4,0,60,0,10,0,8,0
openelisglobal,org.openelisglobal.typeofsample.daoimpl,TypeOfSampleDAOImpl,588,0,34,0,165,0,37,0,19,0
openelisglobal,org.openelisglobal.statusofsample.util,StatusRules,50,0,0,0,15,0,5,0,5,0
openelisglobal,org.openelisglobal.unitofmeasure.daoimpl,UnitOfMeasureDAOImpl,88,0,4,0,22,0,5,0,3,0
openelisglobal,org.openelisglobal.login.validator,LoginValidator,57,0,8,0,18,0,10,0,6,0
openelisglobal,org.openelisglobal.login.validator,ChangePasswordLoginFormValidator,30,0,4,0,8,0,5,0,3,0
openelisglobal,org.openelisglobal.reports.action.util,ReportUtil,220,0,20,0,63,0,19,0,9,0
openelisglobal,org.openelisglobal.reports.action.util,ReportUtil.DocumentTypes,14,0,0,0,2,0,1,0,1,0
openelisglobal,org.openelisglobal.patient.saving,PatientEditUpdate,43,0,2,0,16,0,5,0,4,0
openelisglobal,org.openelisglobal.patient.saving,PatientSecondEntry,39,0,4,0,11,0,6,0,4,0
openelisglobal,org.openelisglobal.patient.saving,SampleSecondEntry,39,0,4,0,11,0,6,0,4,0
openelisglobal,org.openelisglobal.patient.saving,SampleEntryAfterPatientEntry,54,0,2,0,16,0,5,0,4,0
openelisglobal,org.openelisglobal.patient.saving,Accessioner,2123,0,200,0,515,0,168,0,68,0
openelisglobal,org.openelisglobal.patient.saving,PatientEntryAfterSampleEntry,35,0,4,0,11,0,5,0,3,0
openelisglobal,org.openelisglobal.patient.saving,SampleEntry,446,0,51,0,124,0,42,0,16,0
openelisglobal,org.openelisglobal.patient.saving,RequestType,68,0,4,0,6,0,4,0,2,0
openelisglobal,org.openelisglobal.patient.saving,Accessioner.SampleItemAnalysisCollection,12,0,0,0,4,0,1,0,1,0
openelisglobal,org.openelisglobal.patient.saving,AccessionerSaveService,3,0,0,0,1,0,1,0,1,0
openelisglobal,org.openelisglobal.patient.saving,PatientEntry,113,0,4,0,33,0,10,0,8,0
openelisglobal,org.openelisglobal.patient.saving,PatientEntryAfterAnalyzer,65,0,4,0,18,0,7,0,5,0
openelisglobal,org.openelisglobal.workplan.form,WorkplanForm,147,0,0,0,62,0,35,0,35,0
openelisglobal,org.openelisglobal.method.daoimpl,MethodDAOImpl,142,0,4,0,41,0,7,0,5,0
openelisglobal,org.openelisglobal.analyzer.form,AnalyzerSetupForm,66,0,0,0,28,0,19,0,19,0
openelisglobal,org.openelisglobal.analyzer.form,ListPluginForm,13,0,0,0,6,0,3,0,3,0
openelisglobal,org.openelisglobal.renametestsection.valueholder,RenameTestSection,90,21,0,0,35,6,23,2,23,2
openelisglobal,org.openelisglobal.sampledomain.dao,SampleDomainDAOImpl,4,0,0,0,2,0,1,0,1,0
openelisglobal,org.openelisglobal.reportconfiguration.valueholder,Report,136,6,18,0,29,2,24,2,15,2
openelisglobal,org.openelisglobal.reportconfiguration.valueholder,ReportCategory,53,0,0,0,22,0,11,0,11,0
openelisglobal,org.openelisglobal.organization.valueholder,OrganizationComparator.new Comparator() {...},22,0,0,0,6,0,2,0,2,0
openelisglobal,org.openelisglobal.organization.valueholder,OrganizationComparator.new Comparator() {...},15,0,0,0,4,0,2,0,2,0
openelisglobal,org.openelisglobal.organization.valueholder,OrganizationComparator.new Comparator() {...},9,0,0,0,2,0,2,0,2,0
openelisglobal,org.openelisglobal.organization.valueholder,OrganizationType,28,6,0,0,12,2,8,2,8,2
openelisglobal,org.openelisglobal.organization.valueholder,OrganizationContact,28,11,0,0,11,4,7,2,7,2
openelisglobal,org.openelisglobal.organization.valueholder,OrganizationComparator,22,0,0,0,5,0,3,0,3,0
openelisglobal,org.openelisglobal.organization.valueholder,Organization,47,157,2,0,10,64,9,41,8,41
openelisglobal,org.openelisglobal.barcode,BarcodeLabelMaker,986,0,80,0,226,0,62,0,22,0
openelisglobal,org.openelisglobal.barcode,LabelField,105,0,0,0,34,0,15,0,15,0
openelisglobal,org.openelisglobal.common.controller,BaseController,449,9,41,1,115,4,42,2,21,2
openelisglobal,org.openelisglobal.common.controller,HomePageController,24,0,2,0,8,0,6,0,5,0
openelisglobal,org.openelisglobal.common.controller,HealthController.HealthState,13,0,0,0,5,0,3,0,3,0
openelisglobal,org.openelisglobal.common.controller,HealthController.HealthState.Status,14,0,0,0,2,0,1,0,1,0
openelisglobal,org.openelisglobal.common.controller,DeletePatientTestDataController,85,0,6,0,27,0,9,0,6,0
openelisglobal,org.openelisglobal.common.controller,BaseMenuController,205,117,24,9,52,34,20,7,3,7
openelisglobal,org.openelisglobal.common.controller,HealthController,7,0,0,0,2,0,2,0,2,0
openelisglobal,org.openelisglobal.common.controller,ErrorController,40,0,5,0,15,0,7,0,3,0
openelisglobal,org.openelisglobal.patient.valueholder,PatientContact,18,6,0,0,8,2,5,2,5,2
openelisglobal,org.openelisglobal.patient.valueholder,Patient,16,205,3,1,4,82,5,49,3,49
openelisglobal,org.openelisglobal.patient.valueholder,AdverseEffect,17,0,0,0,7,0,5,0,5,0
openelisglobal,org.openelisglobal.patient.valueholder,ObservationData,1154,0,10,0,414,0,270,0,265,0
openelisglobal,org.openelisglobal.sampletracking.service,SampleTrackingServiceImpl,7,0,0,0,3,0,2,0,2,0
openelisglobal,org.openelisglobal.common.security,PageIdentityUtil,114,0,32,0,30,0,19,0,3,0
openelisglobal,org.openelisglobal.typeoftestresult.daoimpl,TypeOfTestResultDAOImpl,106,4,8,0,25,2,6,1,2,1
openelisglobal,org.openelisglobal.barcode.daoimpl,BarcodeLabelInfoDAOImpl,4,0,0,0,2,0,1,0,1,0
openelisglobal,org.openelisglobal.resultreporting.controller.rest,ResultReportingConfigurationRestController,322,0,28,0,74,0,25,0,11,0
openelisglobal,org.openelisglobal.panelitem.daoimpl,PanelItemDAOImpl,325,0,6,0,86,0,14,0,11,0
openelisglobal,org.openelisglobal.dataexchange.service.order,ElectronicOrderServiceImpl,399,0,54,0,80,0,43,0,15,0
openelisglobal,org.openelisglobal.security.certs.service,TruststoreServiceImpl,28,0,0,0,6,0,2,0,2,0
openelisglobal,org.openelisglobal.organization.controller,OrganizationMenuController,328,0,28,0,79,0,26,0,12,0
openelisglobal,org.openelisglobal.organization.controller,OrganizationController,1067,0,160,0,254,0,99,0,19,0
openelisglobal,org.openelisglobal.sampletracking.dao,SampleTrackingDAOImpl,4,0,0,0,2,0,1,0,1,0
openelisglobal,org.openelisglobal.qaevent.form,RejectionForm,221,0,0,0,92,0,53,0,53,0
openelisglobal,org.openelisglobal.qaevent.form,NonConformingEventForm,297,0,0,0,127,0,85,0,85,0
openelisglobal,org.openelisglobal.qaevent.form,NonConformityForm,392,0,0,0,159,0,83,0,83,0
openelisglobal,org.openelisglobal.common.provider.query.workerObjects,PatientSearchWorker.FoundListComparator,61,0,16,0,14,0,10,0,2,0
openelisglobal,org.openelisglobal.common.provider.query.workerObjects,PatientSearchLocalWorker,274,0,54,0,59,0,32,0,5,0
openelisglobal,org.openelisglobal.common.provider.query.workerObjects,PatientSearchLocalAndExternalWorker,755,0,74,0,174,0,48,0,11,0
openelisglobal,org.openelisglobal.common.provider.query.workerObjects,PatientSearchWorker,130,0,2,0,30,0,6,0,5,0
openelisglobal,org.openelisglobal.sampleqaeventaction.service,SampleQaEventActionServiceImpl,7,0,0,0,3,0,2,0,2,0
openelisglobal,org.openelisglobal.common.tools,StopWatch,149,0,10,0,38,0,12,0,7,0
openelisglobal,org.openelisglobal.common.tools,StopWatch.Mark,6,0,0,0,1,0,1,0,1,0
openelisglobal,org.openelisglobal.sampleqaevent.daoimpl,SampleQaEventDAOImpl,256,0,6,0,70,0,12,0,9,0
openelisglobal,org.openelisglobal.testreflex.service,TestReflexServiceImpl,598,0,46,0,130,0,52,0,29,0
openelisglobal,org.openelisglobal.analyzerimport.service,AnalyzerTestMappingServiceImpl,17,0,0,0,5,0,3,0,3,0
openelisglobal,org.openelisglobal.inventory.form,InventoryForm,47,0,0,0,20,0,11,0,11,0
openelisglobal,org.openelisglobal.inventory.form,InventoryKitItem,90,0,0,0,38,0,25,0,25,0
openelisglobal,org.openelisglobal.analyzerresults.service,AnalyzerResultsServiceImpl,395,0,56,0,99,0,38,0,10,0
openelisglobal,org.openelisglobal.provider.daoimpl,ProviderDAOImpl,270,4,4,0,74,2,9,1,7,1
openelisglobal,org.openelisglobal.test.controller.rest,BatchTestReassignmentRestController,596,0,57,0,143,0,45,0,15,0
openelisglobal,org.openelisglobal.test.controller.rest,BatchTestReassignmentRestController.StatusChangedMetaInfo,6,0,0,0,1,0,1,0,1,0
openelisglobal,org.openelisglobal.audittrail.controller,AuditTrailReportController,65,0,4,0,20,0,9,0,7,0
openelisglobal,org.openelisglobal.systemuser.form,UnifiedSystemUserForm,209,0,0,0,86,0,49,0,49,0
openelisglobal,org.openelisglobal.systemuser.form,UnifiedSystemUserMenuForm,37,0,0,0,16,0,9,0,9,0
openelisglobal,org.openelisglobal.program.bean,ImmunohistochemistryDashBoardCount,24,0,0,0,10,0,7,0,7,0
openelisglobal,org.openelisglobal.program.bean,CytologyDashBoardCount,24,0,0,0,10,0,7,0,7,0
openelisglobal,org.openelisglobal.program.bean,PathologyDashBoardCount,31,0,0,0,13,0,9,0,9,0
openelisglobal,org.openelisglobal.barcode.valueholder,BarcodeLabelInfo,60,9,4,0,23,4,12,2,10,2
openelisglobal,org.openelisglobal.organization.controller.rest,OrganizationRestController,1065,0,168,0,253,0,102,0,18,0
openelisglobal,org.openelisglobal.organization.controller.rest,OrganizationMenuRestController,333,0,28,0,81,0,26,0,12,0
openelisglobal,org.openelisglobal.display,URLForDisplay,24,0,0,0,10,0,7,0,7,0
openelisglobal,org.openelisglobal.search.service,LuceneSearchResultsServiceImpl,0,31,0,0,0,3,0,3,0,3
openelisglobal,org.openelisglobal.search.service,DBSearchResultsServiceImpl,0,31,0,0,0,3,0,3,0,3
openelisglobal,org.openelisglobal.sampleorganization.valueholder,SampleOrganization,31,16,0,0,11,5,7,2,7,2
openelisglobal,org.openelisglobal.gender.valueholder,Gender,6,34,0,0,1,15,1,10,1,10
openelisglobal,org.openelisglobal.referencetables.service,ReferenceTablesServiceImpl,53,47,4,2,11,11,8,9,6,8
openelisglobal,org.openelisglobal.program.dao.cytology,CytologySampleDAOImpl,137,4,0,0,23,2,8,1,8,1
openelisglobal,org.openelisglobal.analysisqaevent.valueholder,AnalysisQaEvent,118,16,4,0,42,5,22,2,20,2
openelisglobal,org.openelisglobal.systemuser.service,UserServiceImpl,1039,3,92,0,214,1,84,1,38,1
openelisglobal,org.openelisglobal.systemuser.service,UnifiedSystemUserServiceImpl,34,3,2,0,8,1,2,1,1,1
openelisglobal,org.openelisglobal.systemuser.service,SystemUserServiceImpl,167,12,14,0,37,4,19,3,12,3
openelisglobal,org.openelisglobal.analysis.service,AnalysisServiceImpl,957,19,109,1,190,7,149,2,94,2
openelisglobal,org.openelisglobal.common.management.controller,UomManagementController,32,0,2,0,11,0,8,0,7,0
openelisglobal,org.openelisglobal.common.management.controller,PanelManagementController,24,0,2,0,8,0,6,0,5,0
openelisglobal,org.openelisglobal.common.management.controller,TestManagementConfigMenuController,24,0,2,0,8,0,6,0,5,0
openelisglobal,org.openelisglobal.common.management.controller,MethodManagementController,24,0,2,0,8,0,6,0,5,0
openelisglobal,org.openelisglobal.common.management.controller,SampleTypeManagementController,24,0,2,0,8,0,6,0,5,0
openelisglobal,org.openelisglobal.common.management.controller,TestSectionManagementController,24,0,2,0,8,0,6,0,5,0
openelisglobal,org.openelisglobal.patientidentitytype.valueholder,PatientIdentityType,0,24,0,0,0,10,0,7,0,7
openelisglobal,org.openelisglobal.dataexchange.aggregatereporting.valueholder,ReportQueueType,18,6,0,0,8,2,5,2,5,2
openelisglobal,org.openelisglobal.dataexchange.aggregatereporting.valueholder,ReportExternalExport,57,6,0,0,24,2,16,2,16,2
openelisglobal,org.openelisglobal.dataexchange.aggregatereporting.valueholder,ReportExternalImport,39,6,0,0,17,2,11,2,11,2
openelisglobal,org.openelisglobal.analyzerimport.controller,AnalyzerTestNameController,382,0,36,0,105,0,35,0,17,0
openelisglobal,org.openelisglobal.analyzerimport.controller,AnalyzerTestNameMenuController,345,0,26,0,87,0,26,0,13,0
openelisglobal,org.openelisglobal.view,ViewConfigurationException,4,0,0,0,2,0,1,0,1,0
openelisglobal,org.openelisglobal.view,TilesDefinitions,22,3,0,0,4,1,4,1,4,1
openelisglobal,org.openelisglobal.view,PageBuilderServiceImpl,92,50,14,0,17,11,10,2,3,2
openelisglobal,org.openelisglobal.view,Definition,43,3,0,0,18,2,9,1,9,1
openelisglobal,org.openelisglobal.view,PutAttribute,23,3,0,0,10,2,5,1,5,1
openelisglobal,org.openelisglobal.sampleqaevent.valueholder,SampleQaEvent,96,21,0,0,35,6,22,2,22,2
openelisglobal,org.openelisglobal.barcode.service,BarcodeLabelInfoServiceImpl,15,0,0,0,4,0,3,0,3,0
openelisglobal,org.openelisglobal.barcode.service,BarcodeInformationServiceImpl,204,0,8,0,34,0,7,0,3,0
openelisglobal,org.openelisglobal.localization.daoimpl,LocalizationDAOImpl,4,0,0,0,2,0,1,0,1,0
openelisglobal,org.openelisglobal.project.valueholder,Project,204,28,2,0,77,9,47,2,46,2
openelisglobal,org.openelisglobal.renametestsection.daoimpl,RenameTestSectionDAOImpl,295,0,8,0,83,0,14,0,10,0
openelisglobal,org.openelisglobal.testconfiguration.beans,ResultLimitBean,50,0,2,0,19,0,14,0,13,0
openelisglobal,org.openelisglobal.testconfiguration.beans,TestCatalogBean,185,0,2,0,75,0,48,0,47,0
openelisglobal,org.openelisglobal.analyzerresults.action,AnalyzerResultsPaging,119,0,6,0,27,0,10,0,7,0
openelisglobal,org.openelisglobal.analyzerresults.action,AnalyzerResultsPaging.TestItemPageHelper,165,0,24,0,40,0,16,0,4,0
openelisglobal,org.openelisglobal.hibernate.resources,StringSequenceGenerator,0,28,0,0,0,6,0,3,0,3
openelisglobal,org.openelisglobal.userrole.daoimpl,UserLabUnitRolesDAOImpl,4,0,0,0,2,0,1,0,1,0
openelisglobal,org.openelisglobal.userrole.daoimpl,UserRoleDAOImpl,178,0,4,0,49,0,8,0,6,0
openelisglobal,org.openelisglobal.admin.controller,ImportController.ResourceType,24,0,0,0,2,0,1,0,1,0
openelisglobal,org.openelisglobal.admin.controller,LabNumberManagementController,69,0,2,0,17,0,4,0,3,0
openelisglobal,org.openelisglobal.admin.controller,ImportController,39,0,3,0,15,0,7,0,5,0
openelisglobal,org.openelisglobal.dataexchange.order.daoimpl,ElectronicOrderDAOImpl,841,0,105,0,247,0,77,0,14,0
openelisglobal,org.openelisglobal.datasubmission.service,TypeOfDataIndicatorServiceImpl,21,0,0,0,7,0,5,0,5,0
openelisglobal,org.openelisglobal.datasubmission.service,DataIndicatorServiceImpl,42,0,0,0,9,0,4,0,4,0
openelisglobal,org.openelisglobal.datasubmission.service,DataResourceServiceImpl,7,0,0,0,3,0,2,0,2,0
openelisglobal,org.openelisglobal.datasubmission.service,DataValueServiceImpl,7,0,0,0,3,0,2,0,2,0
openelisglobal,org.openelisglobal.test.service,TestServiceImpl.Entity,34,0,0,0,2,0,1,0,1,0
openelisglobal,org.openelisglobal.test.service,TestServiceImpl,935,25,105,1,222,8,138,2,85,2
openelisglobal,org.openelisglobal.test.service,AssignableTestServiceImpl,7,0,0,0,3,0,2,0,2,0
openelisglobal,org.openelisglobal.test.service,TestSectionServiceImpl,269,0,20,0,63,0,39,0,29,0
openelisglobal,org.openelisglobal.result.service,LogbookPersistServiceImpl,514,3,54,0,107,1,32,1,5,1
openelisglobal,org.openelisglobal.result.service,AnalyzerResultsSaveServiceImpl,3,0,0,0,1,0,1,0,1,0
openelisglobal,org.openelisglobal.result.service,ResultSignatureServiceImpl,23,4,0,0,6,2,5,1,5,1
openelisglobal,org.openelisglobal.result.service,ResultServiceImpl,1321,42,222,0,280,14,161,3,50,3
openelisglobal,org.openelisglobal.result.service,ResultInventoryServiceImpl,22,4,0,0,6,2,5,1,5,1
openelisglobal,org.openelisglobal.result.service,ResultServiceImpl.new Comparator() {...},9,0,0,0,2,0,2,0,2,0
openelisglobal,org.openelisglobal.spring.util,SpringContext,16,13,0,0,4,5,3,3,3,3
openelisglobal,org.openelisglobal.typeofsample.service,TypeOfSampleTestServiceImpl,37,0,0,0,10,0,8,0,8,0
openelisglobal,org.openelisglobal.typeofsample.service,TypeOfSamplePanelServiceImpl,35,0,0,0,10,0,8,0,8,0
openelisglobal,org.openelisglobal.typeofsample.service,TypeOfSampleServiceImpl,575,0,44,0,131,0,59,0,37,0
openelisglobal,org.openelisglobal.analyzerimport.analyzerreaders,AnalyzerXLSLineReader,185,0,21,0,59,0,17,0,6,0
openelisglobal,org.openelisglobal.analyzerimport.analyzerreaders,AnalyzerLineReader,387,0,58,0,85,0,36,0,7,0
openelisglobal,org.openelisglobal.analyzerimport.analyzerreaders,AnalyzerXLSLLineReader,3,0,0,0,1,0,1,0,1,0
openelisglobal,org.openelisglobal.analyzerimport.analyzerreaders,FACSCantoReader,342,0,28,0,78,0,20,0,6,0
openelisglobal,org.openelisglobal.analyzerimport.analyzerreaders,AnalyzerReader,3,0,0,0,1,0,1,0,1,0
openelisglobal,org.openelisglobal.analyzerimport.analyzerreaders,ASTMAnalyzerReader,225,0,18,0,63,0,18,0,9,0
openelisglobal,org.openelisglobal.analyzerimport.analyzerreaders,CobasReader,352,0,26,0,80,0,18,0,5,0
openelisglobal,org.openelisglobal.analyzerimport.analyzerreaders,EvolisReader,275,0,28,0,67,0,19,0,5,0
openelisglobal,org.openelisglobal.analyzerimport.analyzerreaders,CobasTaqmanReader,251,0,20,0,54,0,16,0,6,0
openelisglobal,org.openelisglobal.analyzerimport.analyzerreaders,AnalyzerLineInserter,51,0,6,0,16,0,6,0,3,0
openelisglobal,org.openelisglobal.analyzerimport.analyzerreaders,AnalyzerReaderUtil,113,0,14,0,25,0,9,0,2,0
openelisglobal,org.openelisglobal.analyzerimport.analyzerreaders,CobasTaqmanDBSReader,373,0,42,0,84,0,28,0,7,0
openelisglobal,org.openelisglobal.analyzerimport.analyzerreaders,SysmexReader,1487,0,18,0,289,0,14,0,5,0
openelisglobal,org.openelisglobal.analyzerimport.analyzerreaders,CobasC311Reader,429,0,58,0,92,0,37,0,8,0
openelisglobal,org.openelisglobal.analyzerimport.analyzerreaders,AnalyzerReaderFactory,23,0,4,0,6,0,4,0,2,0
openelisglobal,org.openelisglobal.analyzerimport.analyzerreaders,FacscaliburReader,630,0,26,0,126,0,20,0,7,0
openelisglobal,org.openelisglobal.unitofmeasure.service,UnitOfMeasureServiceImpl,159,0,14,0,43,0,23,0,16,0
openelisglobal,org.ozeki.sms.service,OzekiMessageOutServiceImpl,24,0,0,0,7,0,2,0,2,0
openelisglobal,org.openelisglobal.dictionary.validator,DictionaryFormValidator,43,3,4,0,9,1,4,1,2,1
openelisglobal,org.openelisglobal.analysisqaeventaction.valueholder,AnalysisQaEventAction,101,16,0,0,39,5,23,2,23,2
openelisglobal,org.openelisglobal.systemuser.valueholder,UnifiedSystemUser,122,0,6,0,39,0,27,0,24,0
openelisglobal,org.openelisglobal.systemuser.valueholder,SystemUser,15,59,0,0,3,26,3,17,3,17
openelisglobal,org.openelisglobal.method.service,MethodServiceImpl,131,0,8,0,31,0,17,0,13,0
openelisglobal,org.openelisglobal.inventory.valueholder,InventoryLocation,46,11,0,0,19,3,12,2,12,2
openelisglobal,org.openelisglobal.inventory.valueholder,InventoryReceipt,46,11,0,0,19,3,12,2,12,2
openelisglobal,org.openelisglobal.inventory.valueholder,InventoryItem,25,6,0,0,11,2,7,2,7,2
openelisglobal,org.openelisglobal.common.valueholder,AccessionNumberInfo,17,0,0,0,7,0,5,0,5,0
openelisglobal,org.openelisglobal.common.valueholder,DatabaseChangeLog,38,0,0,0,16,0,11,0,11,0
openelisglobal,org.openelisglobal.common.valueholder,EnumValueItemImpl,0,41,0,0,0,17,0,11,0,11
openelisglobal,org.openelisglobal.common.valueholder,BaseTestComparator.new Comparator() {...},31,0,4,0,10,0,4,0,2,0
openelisglobal,org.openelisglobal.common.valueholder,AccessionNumberInfo.AccessionIdentity,73,0,10,0,19,0,13,0,8,0
openelisglobal,org.openelisglobal.common.valueholder,BaseTestComparator,18,0,0,0,4,0,3,0,3,0
openelisglobal,org.openelisglobal.common.valueholder,BaseObject,86,49,15,3,22,20,13,12,5,11
openelisglobal,org.openelisglobal.common.valueholder,ValueHolder,26,10,2,0,11,5,5,3,4,3
openelisglobal,org.openelisglobal.common.valueholder,BaseObject.ComparatorByLocalizedName,54,0,12,0,13,0,7,0,1,0
openelisglobal,org.openelisglobal.region.service,RegionServiceImpl,0,7,0,0,0,3,0,2,0,2
openelisglobal,org.openelisglobal.organization.form,OrganizationMenuForm,30,0,0,0,13,0,7,0,7,0
openelisglobal,org.openelisglobal.organization.form,OrganizationForm,258,0,0,0,105,0,55,0,55,0
openelisglobal,org.openelisglobal.label.valueholder,Label,49,11,0,0,20,4,13,2,13,2
openelisglobal,org.openelisglobal.typeoftestresult.valueholder,TypeOfTestResult,0,31,0,0,0,14,0,9,0,9
openelisglobal,org.openelisglobal.test.dao,AssignableTestDAOImpl,4,0,0,0,2,0,1,0,1,0
openelisglobal,org.openelisglobal.sampletracking.valueholder,SampleTracking,123,0,0,0,52,0,35,0,35,0
openelisglobal,org.openelisglobal.sampleqaevent.service,SampleQaEventServiceImpl,47,0,0,0,12,0,9,0,9,0
openelisglobal,org.openelisglobal.address.valueholder,AddressPK,33,31,10,0,6,8,6,6,1,6
openelisglobal,org.openelisglobal.address.valueholder,AddressPart,0,24,0,0,0,10,0,7,0,7
openelisglobal,org.openelisglobal.address.valueholder,OrganizationAddress,53,51,8,0,10,19,10,10,6,10
openelisglobal,org.openelisglobal.address.valueholder,PersonAddress,49,55,8,0,8,21,9,11,5,11
openelisglobal,org.openelisglobal.result.controller,LogbookResultsController,2151,0,244,0,444,0,151,0,29,0
openelisglobal,org.openelisglobal.result.controller,AnalyzerResultsController.SampleGrouping,18,0,0,0,5,0,1,0,1,0
openelisglobal,org.openelisglobal.result.controller,AnalyzerResultsController,3078,0,346,0,731,0,225,0,52,0
openelisglobal,org.openelisglobal.result.controller,LogbookResultsBaseController,23,0,2,0,8,0,6,0,5,0
openelisglobal,org.openelisglobal.result.controller,StatusResultsController.DropPair,18,0,0,0,6,0,3,0,3,0
openelisglobal,org.openelisglobal.result.controller,StatusResultsController,719,0,60,0,159,0,53,0,23,0
openelisglobal,org.openelisglobal.result.controller,PatientResultsController,221,0,14,0,62,0,17,0,10,0
openelisglobal,org.openelisglobal.result.controller,AccessionResultsController,362,0,30,0,92,0,28,0,13,0
openelisglobal,org.openelisglobal.result.form,AnalyzerResultsForm,56,0,0,0,25,0,13,0,13,0
openelisglobal,org.openelisglobal.result.form,LogbookResultsForm,220,0,0,0,94,0,53,0,53,0
openelisglobal,org.openelisglobal.result.form,PatientResultsForm,227,0,0,0,92,0,52,0,52,0
openelisglobal,org.openelisglobal.result.form,StatusResultsForm,218,0,0,0,89,0,52,0,52,0
openelisglobal,org.openelisglobal.result.form,AccessionResultsForm,227,0,0,0,92,0,52,0,52,0
openelisglobal,org.openelisglobal.samplenewborn.dao,SampleNewbornDAOImpl,4,0,0,0,2,0,1,0,1,0
openelisglobal,org.openelisglobal.scheduler,ImmediateJobRunner,26,0,2,0,9,0,3,0,2,0
openelisglobal,org.openelisglobal.scheduler,SchedulerConfig,207,0,16,0,61,0,16,0,8,0
openelisglobal,org.openelisglobal.sampleproject.service,SampleProjectServiceImpl,33,0,0,0,8,0,6,0,6,0
openelisglobal,org.openelisglobal.login.service,LoginUserServiceImpl,268,8,30,0,57,3,32,1,17,1
openelisglobal,org.openelisglobal.notifications.rest,NotificationRestController,294,0,10,0,80,0,16,0,11,0
openelisglobal,org.openelisglobal.plugin,PermissionPlugin,6,0,0,0,2,0,2,0,2,0
openelisglobal,org.openelisglobal.plugin,PluginConfiguration,334,0,28,0,101,0,21,0,7,0
openelisglobal,org.openelisglobal.plugin,PluginsController,13,0,0,0,4,0,2,0,2,0
openelisglobal,org.openelisglobal.plugin,PluginLoader,468,0,42,0,126,0,32,0,11,0
openelisglobal,org.openelisglobal.plugin,PluginMenu,10,0,0,0,4,0,3,0,3,0
openelisglobal,org.openelisglobal.plugin,AnalyzerImporterPlugin,4,0,0,0,2,0,2,0,2,0
openelisglobal,org.openelisglobal.plugin,MenuPlugin,7,0,0,0,3,0,2,0,2,0
openelisglobal,org.openelisglobal.systemmodule.daoimpl,SystemModuleUrlDAOImpl,93,0,2,0,27,0,5,0,4,0
openelisglobal,org.openelisglobal.systemmodule.daoimpl,SystemModuleDAOImpl,215,0,6,0,58,0,11,0,8,0
openelisglobal,org.openelisglobal.testcalculated.action.util,TestCalculatedUtil,1174,0,143,0,278,0,85,0,11,0
openelisglobal,org.openelisglobal.patient.action,IPatientUpdate.PatientUpdateStatus,34,0,0,0,2,0,1,0,1,0
openelisglobal,org.openelisglobal.renamemethod.daoimpl,RenameMethodDAOImpl,119,0,4,0,34,0,6,0,4,0
openelisglobal,org.openelisglobal.panel.valueholder,PanelSortOrderComparator,17,0,0,0,4,0,3,0,3,0
openelisglobal,org.openelisglobal.panel.valueholder,PanelSortOrderComparator.new Comparator() {...},21,0,0,0,4,0,2,0,2,0
openelisglobal,org.openelisglobal.panel.valueholder,Panel,82,11,6,0,25,4,17,2,14,2
openelisglobal,org.openelisglobal.inventory.daoimpl,InventoryItemDAOImpl,54,0,0,0,17,0,3,0,3,0
openelisglobal,org.openelisglobal.inventory.daoimpl,InventoryReceiptDAOImpl,129,0,6,0,39,0,8,0,5,0
openelisglobal,org.openelisglobal.inventory.daoimpl,InventoryLocationDAOImpl,28,0,0,0,9,0,2,0,2,0
openelisglobal,org.openelisglobal.qaevent.daoimpl,NceActionLogDAOImpl,6,0,0,0,3,0,2,0,2,0
openelisglobal,org.openelisglobal.qaevent.daoimpl,QaObservationDAOImpl,65,0,0,0,18,0,3,0,3,0
openelisglobal,org.openelisglobal.qaevent.daoimpl,NceTypeDAOImpl,30,0,0,0,10,0,2,0,2,0
openelisglobal,org.openelisglobal.qaevent.daoimpl,NCEventDAOImpl,46,0,0,0,14,0,3,0,3,0
openelisglobal,org.openelisglobal.qaevent.daoimpl,NceSpecimenDAOImpl,58,0,0,0,16,0,3,0,3,0
openelisglobal,org.openelisglobal.qaevent.daoimpl,NceCategoryDAOImpl,30,0,0,0,10,0,2,0,2,0
openelisglobal,org.openelisglobal.qaevent.daoimpl,QaEventDAOImpl,286,0,8,0,78,0,13,0,9,0
openelisglobal,org.openelisglobal.qaevent.daoimpl,QaObservationTypeDAOImpl,33,0,0,0,10,0,2,0,2,0
openelisglobal,org.openelisglobal.qaevent.daoimpl,LabComponentDAOImpl,4,0,0,0,2,0,1,0,1,0
openelisglobal,org.openelisglobal.sampleitem.valueholder,SampleItem,176,29,10,0,64,8,45,2,40,2
openelisglobal,org.openelisglobal.testanalyte.daoimpl,TestAnalyteDAOImpl,201,0,6,0,55,0,11,0,8,0
openelisglobal,org.openelisglobal.history.service,HistoryServiceImpl,55,6,2,0,12,3,7,1,6,1
openelisglobal,org.openelisglobal.patient.validator,PatientEditByProjectFormValidator,10,3,0,0,3,1,2,1,2,1
openelisglobal,org.openelisglobal.patient.validator,ValidatePatientInfo,218,0,62,0,50,0,35,0,4,0
openelisglobal,org.openelisglobal.patient.validator,PatientEntryByProjectFormValidator,398,3,36,0,88,1,27,1,9,1
openelisglobal,org.openelisglobal.statusofsample.daoimpl,StatusOfSampleDAOImpl,242,0,8,0,66,0,12,0,8,0
openelisglobal,org.openelisglobal.patientidentitytype.service,PatientIdentityTypeServiceImpl,53,16,6,0,13,5,7,4,4,4
openelisglobal,org.openelisglobal.home.form,HomeForm,3,0,0,0,1,0,1,0,1,0
openelisglobal,org.openelisglobal.sourceofsample.service,SourceOfSampleServiceImpl,7,0,0,0,3,0,2,0,2,0
openelisglobal,org.openelisglobal.patient.util,PatientUtil,144,16,17,1,49,4,20,2,11,2
openelisglobal,org.openelisglobal.systemmodule.dao,SystemModuleParamDAOImpl,4,0,0,0,2,0,1,0,1,0
openelisglobal,org.openelisglobal.organization.util,OrganizationTypeList,217,0,4,0,24,0,5,0,3,0
openelisglobal,org.openelisglobal.patient.service,PatientTypeServiceImpl,21,67,3,3,3,17,3,12,0,12
openelisglobal,org.openelisglobal.patient.service,PatientServiceImpl,675,479,96,36,158,121,79,51,15,49
openelisglobal,org.openelisglobal.patient.service,PatientContactServiceImpl,8,4,0,0,2,2,2,1,2,1
openelisglobal,org.openelisglobal.testresult.service,TestResultServiceImpl,104,0,0,0,24,0,11,0,11,0
openelisglobal,org.openelisglobal.testresult.service,TestResultServiceImpl.new Comparator() {...},45,0,8,0,13,0,6,0,2,0
openelisglobal,org.openelisglobal.common.exception,LIMSResultsReportHasNoDataException,4,0,0,0,2,0,1,0,1,0
openelisglobal,org.openelisglobal.common.exception,LIMSPrintException,4,0,0,0,2,0,1,0,1,0
openelisglobal,org.openelisglobal.common.exception,LIMSInvalidPrinterException,4,0,0,0,2,0,1,0,1,0
openelisglobal,org.openelisglobal.common.exception,LIMSInvalidConfigurationException,4,0,0,0,2,0,1,0,1,0
openelisglobal,org.openelisglobal.common.exception,LIMSFrozenRecordException,4,0,0,0,2,0,1,0,1,0
openelisglobal,org.openelisglobal.common.exception,LIMSDuplicateRecordException,0,4,0,0,0,2,0,1,0,1
openelisglobal,org.openelisglobal.common.exception,LIMSException,4,0,0,0,2,0,1,0,1,0
openelisglobal,org.openelisglobal.common.exception,LIMSRuntimeException,9,4,0,0,4,2,2,1,2,1
openelisglobal,org.openelisglobal.common.exception,LIMSCannotCreateXMLException,4,0,0,0,2,0,1,0,1,0
openelisglobal,org.openelisglobal.common.exception,LIMSCannotDeleteDependentRecordExistsException,4,0,0,0,2,0,1,0,1,0
openelisglobal,org.openelisglobal.login.valueholder,UserSessionData,45,0,0,0,19,0,13,0,13,0
openelisglobal,org.openelisglobal.login.valueholder,LoginUser,103,3,0,0,41,2,27,1,27,1
openelisglobal,org.openelisglobal.samplehuman.service,SampleHumanServiceImpl,9,35,0,0,2,9,2,7,2,7
openelisglobal,org.openelisglobal.common.rest,DisplayListController.new Comparator() {...},12,0,0,0,2,0,2,0,2,0
openelisglobal,org.openelisglobal.common.rest,BaseRestController,3,0,0,0,1,0,1,0,1,0
openelisglobal,org.openelisglobal.common.rest,DisplayListController.ValueComparator,14,0,0,0,2,0,2,0,2,0
openelisglobal,org.openelisglobal.common.rest,DisplayListController,1235,0,48,0,255,0,81,0,57,0
openelisglobal,org.openelisglobal.datasubmission.form,DataSubmissionForm,47,0,0,0,21,0,11,0,11,0
openelisglobal,org.openelisglobal.login.form,ChangePasswordLoginForm,37,0,0,0,16,0,9,0,9,0
openelisglobal,org.openelisglobal.login.form,LoginForm,37,0,0,0,16,0,9,0,9,0
openelisglobal,org.openelisglobal.typeofsample.valueholder,TypeOfSample,99,11,6,0,35,4,21,2,18,2
openelisglobal,org.openelisglobal.typeofsample.valueholder,TypeOfSamplePanel,18,6,0,0,8,2,5,2,5,2
openelisglobal,org.openelisglobal.typeofsample.valueholder,TypeOfSampleTest,18,6,0,0,8,2,5,2,5,2
openelisglobal,org.openelisglobal.sample.form,SamplePatientEntryForm,194,0,0,0,83,0,51,0,51,0
openelisglobal,org.openelisglobal.sample.form,SampleEntryByProjectForm,272,0,0,0,111,0,59,0,59,0
openelisglobal,org.openelisglobal.sample.form,ProjectData,569,0,0,0,240,0,157,0,157,0
openelisglobal,org.openelisglobal.sample.form,SampleTbEntryForm,397,0,0,0,170,0,109,0,109,0
openelisglobal,org.openelisglobal.sample.form,SampleEditForm,312,0,0,0,127,0,69,0,69,0
openelisglobal,org.openelisglobal.common.daoimpl,BaseDAOImpl.PropertyValueComparison,0,24,0,0,0,8,0,4,0,4
openelisglobal,org.openelisglobal.common.daoimpl,BaseDAOImpl,752,655,17,31,160,139,38,38,26,25
openelisglobal,org.openelisglobal.common.daoimpl,BaseDAOImpl.DBComparison,0,34,0,0,0,2,0,1,0,1
openelisglobal,org.openelisglobal.common.daoimpl,DatabaseChangeLogDAOImpl,40,0,4,0,11,0,4,0,2,0
openelisglobal,org.openelisglobal.sampleorganization.daoimpl,SampleOrganizationDAOImpl,144,0,6,0,40,0,8,0,5,0
openelisglobal,org.openelisglobal.resultlimits.valueholder,ResultLimit,123,36,4,0,48,12,34,2,32,2
openelisglobal,org.openelisglobal.observationhistorytype.valueholder,ObservationHistoryType,45,6,0,0,19,3,7,2,7,2
openelisglobal,org.openelisglobal.profile.controller,ProfileController,113,0,4,0,27,0,13,0,10,0
openelisglobal,org.openelisglobal.security,SecurityConfig,156,0,0,0,18,0,8,0,8,0
openelisglobal,org.openelisglobal.security,SecurityConfig.openSecurityConfiguration,54,0,0,0,12,0,2,0,2,0
openelisglobal,org.openelisglobal.security,SecurityConfig.KeycloakAuthoritiesExtractor,64,0,12,0,12,0,7,0,1,0
openelisglobal,org.openelisglobal.security,SecurityConfig.openidSecurityConfiguration,128,0,2,0,29,0,10,0,9,0
openelisglobal,org.openelisglobal.security,SecurityConfig.SamlRequestedMatcher,27,0,8,0,4,0,5,0,1,0
openelisglobal,org.openelisglobal.security,PasswordUtil,47,0,2,0,14,0,6,0,5,0
openelisglobal,org.openelisglobal.security,SecurityFilter,145,0,16,0,40,0,14,0,6,0
openelisglobal,org.openelisglobal.security,SecurityConfig.CertificateAuthRequestedMatcher,16,0,4,0,3,0,3,0,1,0
openelisglobal,org.openelisglobal.security,SecurityConfig.samlSecurityConfiguration,263,0,2,0,60,0,11,0,10,0
openelisglobal,org.openelisglobal.security,SecurityConfig.httpBasicServletSecurityConfiguration,61,0,0,0,15,0,2,0,2,0
openelisglobal,org.openelisglobal.security,CORSFilter,59,0,2,0,18,0,5,0,4,0
openelisglobal,org.openelisglobal.security,KeystoreUtil,86,0,0,0,18,0,8,0,8,0
openelisglobal,org.openelisglobal.security,AjaxFilter,28,0,2,0,11,0,5,0,4,0
openelisglobal,org.openelisglobal.security,SecurityConfig.OAuthRequestedMatcher,33,0,10,0,5,0,6,0,1,0
openelisglobal,org.openelisglobal.security,KeystoreUtil.KeyCertPair,15,0,0,0,6,0,3,0,3,0
openelisglobal,org.openelisglobal.security,SecurityConfig.BasicAuthRequestedMatcher,16,0,4,0,3,0,3,0,1,0
openelisglobal,org.openelisglobal.security,SecurityConfig.defaultSecurityConfiguration,110,0,0,0,22,0,4,0,4,0
openelisglobal,org.openelisglobal.security,SecurityConfig.clientCertificateSecurityConfiguration,42,0,0,0,10,0,2,0,2,0
openelisglobal,org.openelisglobal.security,SecurityWebApplicationInitializer,3,0,0,0,1,0,1,0,1,0
openelisglobal,org.openelisglobal.logo.controller,LogoUploadController,275,0,28,0,79,0,23,0,9,0
openelisglobal,org.openelisglobal.common.provider.query,TestResultLimitsProvider.new Comparator() {...},24,0,2,0,4,0,3,0,2,0
openelisglobal,org.openelisglobal.common.provider.query,SampleItemTestProvider,236,0,16,0,56,0,15,0,7,0
openelisglobal,org.openelisglobal.common.provider.query,TestNamesProvider,146,0,8,0,44,0,10,0,6,0
openelisglobal,org.openelisglobal.common.provider.query,QueryProviderFactory.SingletonHelper,5,0,0,0,1,0,1,0,1,0
openelisglobal,org.openelisglobal.common.provider.query,NonConformingEventSearchProvider,153,0,10,0,38,0,10,0,5,0
openelisglobal,org.openelisglobal.common.provider.query,PatientSearchPopulateProvider,500,0,36,0,107,0,26,0,8,0
openelisglobal,org.openelisglobal.common.provider.query,HivStatusProvider,99,0,4,0,27,0,7,0,5,0
openelisglobal,org.openelisglobal.common.provider.query,LabOrderSearchProvider.PanelTestLists,52,0,4,0,17,0,11,0,9,0
openelisglobal,org.openelisglobal.common.provider.query,TestEntitiesProvider,154,0,10,0,49,0,10,0,5,0
openelisglobal,org.openelisglobal.common.provider.query,EntityNamesProvider,216,0,18,0,58,0,20,0,11,0
openelisglobal,org.openelisglobal.common.provider.query,ObservationHistoryPopulateProvider.new Comparator() {...},12,0,0,0,2,0,2,0,2,0
openelisglobal,org.openelisglobal.common.provider.query,RequestersForOrganizationProvider,114,0,2,0,28,0,7,0,6,0
openelisglobal,org.openelisglobal.common.provider.query,ScanGeneratorProvider,128,0,18,0,33,0,12,0,3,0
openelisglobal,org.openelisglobal.common.provider.query,LabOrderSearchProvider,2066,0,212,0,466,0,136,0,30,0
openelisglobal,org.openelisglobal.common.provider.query,DepartmentsForReferringClinicProvider,100,0,4,0,22,0,6,0,4,0
openelisglobal,org.openelisglobal.common.provider.query,HealthDistrictsForRegionProvider,89,0,4,0,20,0,5,0,3,0
openelisglobal,org.openelisglobal.common.provider.query,PatientSearchProvider,240,0,16,0,55,0,15,0,7,0
openelisglobal,org.openelisglobal.common.provider.query,TestReflexCD4Provider,325,0,36,0,75,0,27,0,9,0
openelisglobal,org.openelisglobal.common.provider.query,CodeForOrganizationProvider,54,0,2,0,13,0,4,0,3,0
openelisglobal,org.openelisglobal.common.provider.query,PatientSearchResults,117,72,1,1,50,24,33,7,32,7
openelisglobal,org.openelisglobal.common.provider.query,SampleSearchPopulateProvider,609,0,84,0,131,0,54,0,12,0
openelisglobal,org.openelisglobal.common.provider.query,SampleEntryTestsForTypeProvider.PanelTestMap,30,0,0,0,10,0,5,0,5,0
openelisglobal,org.openelisglobal.common.provider.query,PatientSearchResultsForm,17,0,0,0,6,0,5,0,5,0
openelisglobal,org.openelisglobal.common.provider.query,PendingAnalysisForTestProvider,203,0,4,0,52,0,9,0,7,0
openelisglobal,org.openelisglobal.common.provider.query,SampleEntryTestsForTypeProvider.new Comparator() {...},47,0,8,0,15,0,6,0,2,0
openelisglobal,org.openelisglobal.common.provider.query,SampleEntryTestsForTypeProvider.new Comparator() {...},12,0,0,0,2,0,2,0,2,0
openelisglobal,org.openelisglobal.common.provider.query,NCESampleSearchProvider,218,0,12,0,51,0,11,0,5,0
openelisglobal,org.openelisglobal.common.provider.query,SampleEntryTestsForTypeProvider,505,0,34,0,113,0,32,0,15,0
openelisglobal,org.openelisglobal.common.provider.query,ObservationHistoryPopulateProvider,343,0,22,0,63,0,20,0,9,0
openelisglobal,org.openelisglobal.common.provider.query,TestResultLimitsProvider,203,0,8,0,50,0,9,0,5,0
openelisglobal,org.openelisglobal.common.provider.query,QueryProviderFactory,104,0,6,0,34,0,8,0,5,0
openelisglobal,org.openelisglobal.common.provider.query,LabOrderSearchProvider.TestSampleType,18,0,0,0,6,0,3,0,3,0
openelisglobal,org.openelisglobal.common.provider.query,TestReflexUserChoiceProvider,538,0,58,0,121,0,39,0,10,0
openelisglobal,org.openelisglobal.common.provider.query,LabOrderSearchProvider.Request,24,0,0,0,8,0,4,0,4,0
openelisglobal,org.openelisglobal.common.provider.query,ExtendedPatientSearchResults,54,0,0,0,21,0,14,0,14,0
openelisglobal,org.openelisglobal.common.provider.query,AllTestsForSampleTypeProvider,129,0,4,0,37,0,7,0,5,0
openelisglobal,org.openelisglobal.common.provider.query,BaseQueryProvider,13,0,0,0,5,0,3,0,3,0
openelisglobal,org.openelisglobal.datasubmission.valueholder,DataValue,71,15,0,0,30,6,12,2,12,2
openelisglobal,org.openelisglobal.datasubmission.valueholder,DataIndicator.Status,44,0,0,0,2,0,1,0,1,0
openelisglobal,org.openelisglobal.datasubmission.valueholder,TypeOfDataIndicator,25,6,0,0,11,2,7,2,7,2
openelisglobal,org.openelisglobal.datasubmission.valueholder,TypeOfDataIndicator.Type,78,0,4,0,11,0,7,0,5,0
openelisglobal,org.openelisglobal.datasubmission.valueholder,DataResource,135,16,0,0,27,4,17,2,17,2
openelisglobal,org.openelisglobal.datasubmission.valueholder,DataIndicator,61,9,0,0,25,3,17,2,17,2
openelisglobal,org.openelisglobal.dev.controller,EndpointDocController,14,0,0,0,5,0,2,0,2,0
openelisglobal,org.openelisglobal.dev.controller,webtestInfoController,115,0,4,0,32,0,11,0,9,0
openelisglobal,org.openelisglobal.testcodes.daoimpl,TestCodeTypeDAOImpl,62,0,0,0,18,0,3,0,3,0
openelisglobal,org.openelisglobal.testcodes.daoimpl,OrgHL7SchemaDAOImpl,33,0,0,0,10,0,2,0,2,0
openelisglobal,org.openelisglobal.common.rest.provider.bean.patientHistory,ResultTree,17,0,0,0,7,0,5,0,5,0
openelisglobal,org.openelisglobal.common.rest.provider.bean.patientHistory,TestDisplay,73,0,0,0,31,0,21,0,21,0
openelisglobal,org.openelisglobal.common.rest.provider.bean.patientHistory,ResultDisplay,17,0,0,0,7,0,5,0,5,0
openelisglobal,org.openelisglobal.common.rest.provider.bean.patientHistory,PanelDisplay,17,0,0,0,7,0,5,0,5,0
openelisglobal,org.openelisglobal.workplan.controller,WorkPlanByTestController,493,0,56,0,129,0,42,0,14,0
openelisglobal,org.openelisglobal.workplan.controller,BaseWorkplanController.WorkplanType,234,0,0,0,4,0,1,0,1,0
openelisglobal,org.openelisglobal.workplan.controller,WorkplanByPanelController.new Comparator() {...},12,0,0,0,2,0,2,0,2,0
openelisglobal,org.openelisglobal.workplan.controller,WorkPlanByTestController.ValueComparator,14,0,0,0,2,0,2,0,2,0
openelisglobal,org.openelisglobal.workplan.controller,WorkPlanByPriorityController,298,0,32,0,81,0,26,0,10,0
openelisglobal,org.openelisglobal.workplan.controller,BaseWorkplanController.TypeNameGroup,21,0,0,0,8,0,4,0,4,0
openelisglobal,org.openelisglobal.workplan.controller,WorkPlanByTestSectionController,573,0,64,0,147,0,46,0,14,0
openelisglobal,org.openelisglobal.workplan.controller,WorkplanByPanelController,382,0,38,0,97,0,32,0,13,0
openelisglobal,org.openelisglobal.workplan.controller,WorkPlanByPriorityController.ValueComparator,14,0,0,0,2,0,2,0,2,0
openelisglobal,org.openelisglobal.workplan.controller,PrintWorkplanReportController,235,0,10,0,55,0,16,0,11,0
openelisglobal,org.openelisglobal.workplan.controller,BaseWorkplanController,266,0,16,0,56,0,17,0,9,0
openelisglobal,org.openelisglobal.inventory.controller,InventoryController,705,0,36,0,160,0,36,0,18,0
openelisglobal,org.openelisglobal.inventory.controller,InventoryController.InventorySet,24,0,0,0,8,0,4,0,4,0
openelisglobal,org.openelisglobal.common.provider.query.rest,EntityNamesProviderRestController,190,0,20,0,44,0,19,0,9,0
openelisglobal,org.openelisglobal.common.provider.query.rest,TestNamesProviderRestController,145,0,8,0,42,0,9,0,5,0
openelisglobal,org.openelisglobal.referral.valueholder,ReferralStatus,54,0,0,0,2,0,1,0,1,0
openelisglobal,org.openelisglobal.referral.valueholder,Referral,108,16,2,0,40,4,28,2,27,2
openelisglobal,org.openelisglobal.referral.valueholder,ReferringTestResult,25,6,0,0,11,2,7,2,7,2
openelisglobal,org.openelisglobal.referral.valueholder,ReferralType,28,6,0,0,12,2,8,2,8,2
openelisglobal,org.openelisglobal.referral.valueholder,ReferralReason,21,6,0,0,9,2,6,2,6,2
openelisglobal,org.openelisglobal.referral.valueholder,ReferralSet,121,0,8,0,34,0,14,0,10,0
openelisglobal,org.openelisglobal.referral.valueholder,ReferralResult,35,11,0,0,14,3,9,2,9,2
openelisglobal,org.openelisglobal.fhir.springserialization,QuestionnaireDeserializer,9,14,0,0,1,5,0,3,0,3
openelisglobal,org.openelisglobal.fhir.springserialization,QuestionnaireResponseDeserializer,23,0,0,0,7,0,3,0,3,0
openelisglobal,org.openelisglobal.fhir.springserialization,QuestionnaireResponseSerializer,27,0,2,0,10,0,4,0,3,0
openelisglobal,org.openelisglobal.fhir.springserialization,QuestionnaireSerializer,27,0,2,0,10,0,4,0,3,0
openelisglobal,org.openelisglobal.testreflex.controller.rest,TestReflexRuleRestController,110,0,2,0,24,0,10,0,9,0
openelisglobal,org.openelisglobal.reports.form,ReportForm,679,0,8,0,271,0,161,0,157,0
openelisglobal,org.openelisglobal.reports.form,ReportForm.ReceptionTime,24,0,0,0,2,0,1,0,1,0
openelisglobal,org.openelisglobal.reports.form,ReportForm.DateType,48,0,0,0,7,0,3,0,3,0
openelisglobal,org.openelisglobal.provider.controller.rest,ProviderRestController,38,0,2,0,11,0,5,0,4,0
openelisglobal,org.openelisglobal.provider.controller.rest,ProviderMenuRestController,300,0,26,0,74,0,26,0,13,0
openelisglobal,org.openelisglobal.testmanagement.valueholder,TestManagementRoutingSwitchSessionHandler,160,0,26,0,61,0,21,0,5,0
openelisglobal,org.openelisglobal.testmanagement.valueholder,TestManagementRoutingSwitch,43,0,0,0,17,0,8,0,8,0
openelisglobal,org.openelisglobal.dataexchange.resultreporting,ResultReportingUpdate,81,0,8,0,18,0,7,0,3,0
openelisglobal,org.openelisglobal.dataexchange.resultreporting,ResultReportingTransfer,68,0,8,0,19,0,7,0,3,0
openelisglobal,org.openelisglobal.dataexchange.resultreporting,ResultReportingCollator,809,0,76,0,195,0,48,0,10,0
openelisglobal,org.openelisglobal.dataexchange.resultreporting,ResultReportingTransfer.ResultFailHandler,190,0,14,0,56,0,13,0,6,0
openelisglobal,org.openelisglobal.externalconnections.service,ExternalConnectionContactServiceImpl,10,0,0,0,4,0,2,0,2,0
openelisglobal,org.openelisglobal.externalconnections.service,ExternalConnectionServiceImpl,109,0,8,0,25,0,8,0,4,0
openelisglobal,org.openelisglobal.externalconnections.service,CertificateAuthenticationDataServiceImpl,15,0,0,0,5,0,3,0,3,0
openelisglobal,org.openelisglobal.externalconnections.service,BasicAuthenticationDataServiceImpl,15,0,0,0,5,0,3,0,3,0
openelisglobal,org.openelisglobal.externalconnections.service,ExternalConnectionAuthenticationDataServiceImpl,111,0,13,0,23,0,13,0,5,0
openelisglobal,org.openelisglobal.statusofsample.valueholder,StatusOfSample,48,6,0,0,20,3,12,2,12,2
openelisglobal,org.openelisglobal.county.dao,CountyDAOImpl,4,0,0,0,2,0,1,0,1,0
openelisglobal,org.openelisglobal.dictionary.valueholder,Dictionary.ComparatorLocalizedName,12,0,0,0,2,0,2,0,2,0
openelisglobal,org.openelisglobal.dictionary.valueholder,Dictionary,31,85,4,2,7,30,6,18,3,18
openelisglobal,org.openelisglobal.common.provider.selectdropdown,SelectDropDownProviderFactory,101,0,6,0,34,0,8,0,5,0
openelisglobal,org.openelisglobal.common.provider.selectdropdown,TestAnalyteTestResultSelectDropDownProvider,114,0,14,0,27,0,9,0,2,0
openelisglobal,org.openelisglobal.common.provider.selectdropdown,BaseSelectDropDownProvider,13,0,0,0,5,0,3,0,3,0
openelisglobal,org.openelisglobal.common.provider.selectdropdown,SelectDropDownProviderFactory.SingletonHelper,5,0,0,0,1,0,1,0,1,0
openelisglobal,org.openelisglobal.typeofsample.dao,TypeOfSampleDAO.SampleDomain,34,0,0,0,2,0,1,0,1,0
openelisglobal,org.openelisglobal.systemusersection.service,SystemUserSectionServiceImpl,83,0,6,0,19,0,14,0,11,0
openelisglobal,org.openelisglobal.samplenewborn.valueholder,SampleNewborn,200,0,0,0,85,0,55,0,55,0
openelisglobal,org.openelisglobal.qaevent.valueholder.retroCI,QaEventItem,75,0,0,0,26,0,18,0,18,0
openelisglobal,org.openelisglobal.requester.valueholder,SampleRequester,102,6,12,0,28,2,17,2,11,2
openelisglobal,org.openelisglobal.requester.valueholder,RequesterType,11,6,0,0,5,2,3,2,3,2
openelisglobal,org.openelisglobal.barcode.controller,BarcodeConfigurationController,365,0,16,0,91,0,17,0,9,0
openelisglobal,org.openelisglobal.barcode.controller,PrintBarcodeController.SampleEditItemComparator,29,0,4,0,6,0,3,0,1,0
openelisglobal,org.openelisglobal.barcode.controller,PrintBarcodeController,485,0,34,0,115,0,32,0,15,0
openelisglobal,org.openelisglobal.analyzerimport.validator,AnalyzerTestMappingValidator,82,0,6,0,20,0,8,0,5,0
openelisglobal,org.openelisglobal.reports.valueholder,DocumentType,18,6,0,0,8,2,5,2,5,2
openelisglobal,org.openelisglobal.reports.valueholder,DocumentTrack,49,11,0,0,20,3,13,2,13,2
openelisglobal,org.openelisglobal.testcalculated.service,ResultCalculationServiceImpl,24,0,0,0,6,0,5,0,5,0
openelisglobal,org.openelisglobal.testcalculated.service,TestCalculationServiceImpl,7,0,0,0,3,0,2,0,2,0
openelisglobal,org.openelisglobal.reports.action.implementation,ExportProjectByDate,444,0,42,0,101,0,35,0,14,0
openelisglobal,org.openelisglobal.reports.action.implementation,ReferredOutReport,417,0,34,0,94,0,30,0,13,0
openelisglobal,org.openelisglobal.reports.action.implementation,CollectionReport,207,0,10,0,64,0,19,0,14,0
openelisglobal,org.openelisglobal.reports.action.implementation,BreastCancerHormoneReceptorReport,234,0,6,0,44,0,10,0,7,0
openelisglobal,org.openelisglobal.reports.action.implementation,IndicatorAllTest.TestBucket,27,0,0,0,8,0,1,0,1,0
openelisglobal,org.openelisglobal.reports.action.implementation,RejectionReport,406,0,40,0,89,0,32,0,12,0
openelisglobal,org.openelisglobal.reports.action.implementation,PatientIndeterminateVersion2Report,14,0,0,0,5,0,3,0,3,0
openelisglobal,org.openelisglobal.reports.action.implementation,ReportImplementationFactory,1074,0,252,0,258,0,131,0,5,0
openelisglobal,org.openelisglobal.reports.action.implementation,ActivityReportByPanel.new Comparator() {...},12,0,0,0,2,0,2,0,2,0
openelisglobal,org.openelisglobal.reports.action.implementation,RetroCIReport,184,0,14,0,48,0,9,0,2,0
openelisglobal,org.openelisglobal.reports.action.implementation,IndicatorSectionPerformanceReport,425,0,26,0,119,0,31,0,18,0
openelisglobal,org.openelisglobal.reports.action.implementation,ForCIDashboard,436,0,60,0,98,0,45,0,15,0
openelisglobal,org.openelisglobal.reports.action.implementation,MauritiusProtocolSheet,265,0,25,0,73,0,26,0,8,0
openelisglobal,org.openelisglobal.reports.action.implementation,IndicatorHIVLNSP,22,0,0,0,7,0,4,0,4,0
openelisglobal,org.openelisglobal.reports.action.implementation,RejectionReportByPanel,148,0,16,0,33,0,12,0,4,0
openelisglobal,org.openelisglobal.reports.action.implementation,ExportStudyProjectByDate,490,0,46,0,105,0,37,0,14,0
openelisglobal,org.openelisglobal.reports.action.implementation,DualInSituHybridizationReport,80,0,4,0,15,0,6,0,4,0
openelisglobal,org.openelisglobal.reports.action.implementation,ActivityReport,403,0,34,0,85,0,27,0,10,0
openelisglobal,org.openelisglobal.reports.action.implementation,TBPatientReport,519,0,50,0,121,0,43,0,18,0
openelisglobal,org.openelisglobal.reports.action.implementation,ActivityReportByTest,129,0,10,0,31,0,10,0,5,0
[...]
openelisglobal,org.openelisglobal.program.valueholder.pathology,PathologyRequest,28,6,0,0,12,2,8,1,8,1
openelisglobal,org.openelisglobal.program.valueholder.pathology,PathologyBlock,9,15,0,0,3,7,3,4,3,4
openelisglobal,org.openelisglobal.program.valueholder.pathology,PathologyDisplayItem,59,0,0,0,25,0,17,0,17,0
openelisglobal,org.openelisglobal.program.valueholder.pathology,PathologyTechnique.TechniqueType,17,34,4,0,6,5,4,2,2,2
openelisglobal,org.openelisglobal.program.valueholder.pathology,PathologyCaseViewDisplayItem.RequestDisplayBean,20,0,0,0,8,0,4,0,4,0
openelisglobal,org.openelisglobal.program.valueholder.pathology,PathologyConclusion.ConclusionType,17,34,4,0,6,5,4,2,2,2
openelisglobal,org.openelisglobal.program.valueholder.pathology,PathologyReport,24,7,0,0,10,3,7,2,7,2
openelisglobal,org.openelisglobal.program.valueholder.pathology,PathologyRequest.RequestType,17,34,4,0,6,5,4,2,2,2
openelisglobal,org.openelisglobal.program.valueholder.pathology,PathologySample,199,83,26,0,44,35,27,23,14,23
openelisglobal,org.openelisglobal.testconfiguration.form,MethodCreateForm,48,0,0,0,21,0,13,0,13,0
openelisglobal,org.openelisglobal.testconfiguration.form,SampleTypeTestAssignForm,50,0,0,0,21,0,11,0,11,0
openelisglobal,org.openelisglobal.testconfiguration.form,PanelRenameEntryForm,43,0,0,0,18,0,9,0,9,0
openelisglobal,org.openelisglobal.testconfiguration.form,TestRenameEntryForm,63,0,0,0,26,0,13,0,13,0
openelisglobal,org.openelisglobal.testconfiguration.form,TestCatalogForm,27,0,0,0,12,0,7,0,7,0
openelisglobal,org.openelisglobal.testconfiguration.form,MethodRenameEntryForm,43,0,0,0,18,0,9,0,9,0
openelisglobal,org.openelisglobal.testconfiguration.form,TestActivationForm,30,0,0,0,13,0,7,0,7,0
openelisglobal,org.openelisglobal.testconfiguration.form,TestSectionTestAssignForm,50,0,0,0,21,0,11,0,11,0
openelisglobal,org.openelisglobal.testconfiguration.form,SampleTypeOrderForm,23,0,0,0,10,0,5,0,5,0
openelisglobal,org.openelisglobal.testconfiguration.form,TestSectionOrderForm,23,0,0,0,10,0,5,0,5,0
openelisglobal,org.openelisglobal.testconfiguration.form,PanelOrderForm,44,0,0,0,19,0,11,0,11,0
openelisglobal,org.openelisglobal.testconfiguration.form,SampleTypeRenameEntryForm,43,0,0,0,18,0,9,0,9,0
openelisglobal,org.openelisglobal.testconfiguration.form,TestAddForm,79,0,0,0,34,0,21,0,21,0
openelisglobal,org.openelisglobal.testconfiguration.form,PanelTestAssignForm,66,0,0,0,27,0,15,0,15,0
openelisglobal,org.openelisglobal.testconfiguration.form,TestModifyEntryForm,143,0,0,0,60,0,35,0,35,0
openelisglobal,org.openelisglobal.testconfiguration.form,ResultSelectListForm,59,0,0,0,25,0,17,0,17,0
openelisglobal,org.openelisglobal.testconfiguration.form,TestOrderabilityForm,23,0,0,0,10,0,5,0,5,0
openelisglobal,org.openelisglobal.testconfiguration.form,TestSectionCreateForm,48,0,0,0,21,0,13,0,13,0
openelisglobal,org.openelisglobal.testconfiguration.form,PanelCreateForm,76,0,0,0,33,0,21,0,21,0
openelisglobal,org.openelisglobal.testconfiguration.form,TestSectionRenameEntryForm,43,0,0,0,18,0,9,0,9,0
openelisglobal,org.openelisglobal.testconfiguration.form,SampleTypeCreateForm,48,0,0,0,21,0,13,0,13,0
openelisglobal,org.openelisglobal.testconfiguration.form,UomCreateForm,48,0,0,0,21,0,13,0,13,0
openelisglobal,org.openelisglobal.testconfiguration.form,UomRenameEntryForm,43,0,0,0,18,0,9,0,9,0
openelisglobal,org.openelisglobal.testconfiguration.form,ResultSelectListRenameForm,40,0,0,0,16,0,9,0,9,0
openelisglobal,org.openelisglobal.resultreporting.form,ResultReportingConfigurationForm,27,0,0,0,12,0,7,0,7,0
openelisglobal,org.openelisglobal.dataexchange.order,ElectronicOrderSortOrderCategoryConvertor,8,0,0,0,3,0,2,0,2,0
openelisglobal,org.openelisglobal.resultvalidation.util,ResultsValidationRetroCIUtility.new Comparator() {...},12,0,0,0,2,0,2,0,2,0
openelisglobal,org.openelisglobal.resultvalidation.util,ResultsValidationRetroCIUtility.new Comparator() {...},24,0,2,0,5,0,3,0,2,0
openelisglobal,org.openelisglobal.resultvalidation.util,ResultsValidationUtility,1604,0,204,0,372,0,135,0,33,0
openelisglobal,org.openelisglobal.resultvalidation.util,ResultsValidationRetroCIUtility,1994,0,264,0,477,0,171,0,39,0
openelisglobal,org.openelisglobal.resultvalidation.util,ResultValidationSaveService,42,0,0,0,14,0,8,0,8,0
openelisglobal,org.openelisglobal.resultvalidation.util,ResultsValidationUtility.new Comparator() {...},24,0,2,0,5,0,3,0,2,0
openelisglobal,org.openelisglobal.common.hibernateConverter,StringListConverter,20,0,4,0,3,0,5,0,3,0
openelisglobal,org.openelisglobal.renametestsection.service,RenameTestSectionServiceImpl,108,0,8,0,28,0,18,0,14,0
openelisglobal,org.openelisglobal.localization.service,LocalizationServiceImpl.LocalizationType,81,0,0,0,7,0,3,0,3,0
openelisglobal,org.openelisglobal.localization.service,LocalizationServiceImpl,103,0,8,0,25,0,15,0,11,0
openelisglobal,org.openelisglobal.region.dao,RegionDAOImpl,0,4,0,0,0,2,0,1,0,1
openelisglobal,org.openelisglobal.program.controller.pathology,PathologySampleForm.PathologyRequestForm,17,0,0,0,7,0,5,0,5,0
openelisglobal,org.openelisglobal.program.controller.pathology,PathologySampleForm.PathologySlideForm,24,3,0,0,6,1,2,1,2,1
openelisglobal,org.openelisglobal.program.controller.pathology,PathologySampleForm,73,72,2,0,33,26,18,20,17,20
openelisglobal,org.openelisglobal.program.controller.pathology,PathologySampleForm.PathologyReportForm,24,3,0,0,6,1,2,1,2,1
openelisglobal,org.openelisglobal.program.controller.pathology,PathologyController,164,0,0,0,26,0,8,0,8,0
openelisglobal,org.openelisglobal.test.valueholder,TestComparator.new Comparator() {...},11,0,0,0,3,0,2,0,2,0
openelisglobal,org.openelisglobal.test.valueholder,TestComparator.new Comparator() {...},11,0,0,0,3,0,2,0,2,0
openelisglobal,org.openelisglobal.test.valueholder,TestSection,59,90,6,0,17,32,12,19,9,19
openelisglobal,org.openelisglobal.test.valueholder,AssignableTestComparator.new Comparator() {...},17,0,0,0,4,0,2,0,2,0
openelisglobal,org.openelisglobal.test.valueholder,TestSectionComparator,17,0,0,0,4,0,3,0,3,0
openelisglobal,org.openelisglobal.test.valueholder,AssignableTestComparator.new Comparator() {...},17,0,0,0,4,0,2,0,2,0
openelisglobal,org.openelisglobal.test.valueholder,AssignableTestComparator.new Comparator() {...},17,0,0,0,4,0,2,0,2,0
openelisglobal,org.openelisglobal.test.valueholder,TbMethodTest,31,0,0,0,14,0,9,0,9,0
openelisglobal,org.openelisglobal.test.valueholder,AssignableTestComparator,25,0,0,0,6,0,3,0,3,0
openelisglobal,org.openelisglobal.test.valueholder,AssignableTest,101,0,0,0,37,0,16,0,16,0
openelisglobal,org.openelisglobal.test.valueholder,TestSectionComparator.new Comparator() {...},17,0,0,0,4,0,2,0,2,0
openelisglobal,org.openelisglobal.test.valueholder,TbMethodPanel,31,0,0,0,14,0,9,0,9,0
openelisglobal,org.openelisglobal.test.valueholder,TestCatalog,163,0,2,0,66,0,42,0,41,0
openelisglobal,org.openelisglobal.test.valueholder,TestComparator,18,0,0,0,4,0,3,0,3,0
openelisglobal,org.openelisglobal.test.valueholder,Test,426,62,16,0,147,15,94,2,86,2
openelisglobal,org.openelisglobal.notification.dao,TestNotificationConfigDAOImpl,112,0,0,0,30,0,5,0,5,0
openelisglobal,org.openelisglobal.notification.dao,AnalysisNotificationConfigDAOImpl,112,0,0,0,30,0,5,0,5,0
openelisglobal,org.openelisglobal.notification.dao,NotificationPayloadTemplateDAOImpl,52,0,2,0,15,0,3,0,2,0
openelisglobal,org.openelisglobal.method.valueholder,Method,107,23,2,0,38,8,21,2,20,2
openelisglobal,org.openelisglobal.dev.form,WebTestInfoForm,16,0,0,0,7,0,3,0,3,0
openelisglobal,org.openelisglobal.dataexchange.malariareporting,MalariaReportingTransfer.ResultFailHandler,141,0,6,0,44,0,8,0,5,0
openelisglobal,org.openelisglobal.dataexchange.malariareporting,MalariaReportingTransfer,86,0,10,0,24,0,7,0,2,0
openelisglobal,org.openelisglobal.dataexchange.malariareporting,MalariaReportingUpdate,404,0,44,0,77,0,30,0,8,0
openelisglobal,org.openelisglobal.resultlimits.daoimpl,ResultLimitDAOImpl,182,4,4,0,50,2,8,1,6,1
openelisglobal,org.openelisglobal.userrole.service,UserRoleServiceImpl,69,0,2,0,16,0,11,0,10,0
openelisglobal,org.openelisglobal.resultvalidation.controller.rest,AccessionValidationRestController,1384,0,158,0,300,0,104,0,25,0
openelisglobal,org.openelisglobal.dictionarycategory.valueholder,DictionaryCategory,0,31,0,0,0,14,0,9,0,9
openelisglobal,org.openelisglobal.program.valueholder.cytology,CytologySample.CytologyStatus,59,0,0,0,7,0,3,0,3,0
openelisglobal,org.openelisglobal.program.valueholder.cytology,CytologySpecimenAdequacy.SpecimenAdequacyResultType,51,0,4,0,11,0,6,0,4,0
openelisglobal,org.openelisglobal.program.valueholder.cytology,CytologyDiagnosisCategoryResultsMap,31,0,0,0,13,0,9,0,9,0
openelisglobal,org.openelisglobal.program.valueholder.cytology,CytologyCaseViewDisplayItem,94,0,0,0,40,0,27,0,27,0
openelisglobal,org.openelisglobal.program.valueholder.cytology,CytologySlide,38,0,0,0,16,0,11,0,11,0
openelisglobal,org.openelisglobal.program.valueholder.cytology,CytologyDisplayItem,59,0,0,0,25,0,17,0,17,0
openelisglobal,org.openelisglobal.program.valueholder.cytology,CytologyCaseViewDisplayItem.Diagnosis,21,0,0,0,8,0,5,0,5,0
openelisglobal,org.openelisglobal.program.valueholder.cytology,CytologyReport.CytologyReportType,37,0,0,0,6,0,3,0,3,0
openelisglobal,org.openelisglobal.program.valueholder.cytology,CytologyDiagnosis,28,0,0,0,12,0,7,0,7,0
openelisglobal,org.openelisglobal.program.valueholder.cytology,CytologyReport,31,0,0,0,13,0,9,0,9,0
openelisglobal,org.openelisglobal.program.valueholder.cytology,CytologySample,153,0,16,0,47,0,31,0,23,0
openelisglobal,org.openelisglobal.program.valueholder.cytology,CytologySpecimenAdequacy.SpecimenAdequancySatisfaction,37,0,0,0,7,0,3,0,3,0
openelisglobal,org.openelisglobal.program.valueholder.cytology,CytologyCaseViewDisplayItem.SpecimenAdequacy,17,0,0,0,7,0,5,0,5,0
openelisglobal,org.openelisglobal.program.valueholder.cytology,CytologyCaseViewDisplayItem.Diagnosis.DiagnosisResultsMap,24,0,0,0,10,0,7,0,7,0
openelisglobal,org.openelisglobal.program.valueholder.cytology,CytologyDiagnosis.DiagnosisCategory,70,0,0,0,8,0,3,0,3,0
openelisglobal,org.openelisglobal.program.valueholder.cytology,CytologySpecimenAdequacy,34,0,0,0,14,0,9,0,9,0
openelisglobal,org.openelisglobal.program.valueholder.cytology,CytologyDiagnosis.CytologyDiagnosisResultType,51,0,4,0,11,0,6,0,4,0
openelisglobal,org.openelisglobal.program.controller.cytology,CytologySampleForm,70,0,0,0,29,0,19,0,19,0
openelisglobal,org.openelisglobal.program.controller.cytology,CytologyController,134,0,0,0,23,0,8,0,8,0
openelisglobal,org.openelisglobal.program.controller.cytology,CytologySampleForm.CytologySlideForm,27,0,0,0,7,0,3,0,3,0
openelisglobal,org.openelisglobal.program.controller.cytology,CytologySampleForm.CytologyReportForm,27,0,0,0,7,0,3,0,3,0
openelisglobal,org.openelisglobal.sourceofsample.dao,SourceOfSampleDAOImpl,4,0,0,0,2,0,1,0,1,0
openelisglobal,org.openelisglobal.workplan.controller.rest,WorkplanByPriorityRestController,238,0,24,0,61,0,17,0,5,0
openelisglobal,org.openelisglobal.workplan.controller.rest,WorkplanRestController.ValueComparator,14,0,0,0,2,0,2,0,2,0
openelisglobal,org.openelisglobal.workplan.controller.rest,PrintWorkplanReportRestController,173,0,8,0,50,0,11,0,7,0
openelisglobal,org.openelisglobal.workplan.controller.rest,WorkplanRestController,298,0,20,0,62,0,19,0,9,0
openelisglobal,org.openelisglobal.workplan.controller.rest,WorkplanByTestSectionRestController,464,0,56,0,121,0,36,0,8,0
openelisglobal,org.openelisglobal.workplan.controller.rest,WorkplanByPanelRestController,325,0,34,0,79,0,25,0,8,0
openelisglobal,org.openelisglobal.workplan.controller.rest,WorkplanByPanelRestController.new Comparator() {...},12,0,0,0,2,0,2,0,2,0
openelisglobal,org.openelisglobal.workplan.controller.rest,WorkplanByTestRestController,362,0,44,0,92,0,28,0,6,0
openelisglobal,org.openelisglobal.menu.daoimpl,MenuDAOImpl,0,4,0,0,0,2,0,1,0,1
openelisglobal,org.openelisglobal.workplan.action.util,WorkplanPaging,84,0,6,0,19,0,8,0,5,0
openelisglobal,org.openelisglobal.workplan.action.util,WorkplanPaging.TestItemPageHelper,169,0,24,0,41,0,16,0,4,0
openelisglobal,org.openelisglobal.menu.form,AdminMenuForm,4,36,0,0,2,14,1,8,1,8
openelisglobal,org.openelisglobal.common.rest.provider.form,PatientDashBoardForm,17,0,0,0,7,0,5,0,5,0
openelisglobal,org.openelisglobal.common.rest.provider.form,DisplayListPagingForm,17,0,0,0,7,0,5,0,5,0
openelisglobal,org.openelisglobal.hibernate.search.massindexer,MassIndexerRestController,17,0,0,0,5,0,2,0,2,0
openelisglobal,org.openelisglobal.hibernate.search.massindexer,MassIndexerService,31,0,0,0,9,0,2,0,2,0
openelisglobal,org.openelisglobal.qaevent.validator,NonConformityFormValidator,67,0,8,0,13,0,7,0,3,0
openelisglobal,org.openelisglobal.samplebatchentry.validator,SampleBatchEntryFormValidator,165,0,16,0,40,0,13,0,5,0
openelisglobal,org.openelisglobal.person.daoimpl,PersonDAOImpl,93,119,1,3,28,32,3,6,2,5
openelisglobal,org.openelisglobal.reportconfiguration.form,ReportConfigurationForm,64,0,0,0,27,0,17,0,17,0
openelisglobal,org.openelisglobal.datasubmission.daoimpl,DataValueDAOImpl,4,0,0,0,2,0,1,0,1,0
openelisglobal,org.openelisglobal.datasubmission.daoimpl,DataResourceDAOImpl,4,0,0,0,2,0,1,0,1,0
openelisglobal,org.openelisglobal.datasubmission.daoimpl,TypeOfDataIndicatorDAOImpl,82,0,2,0,25,0,5,0,4,0
openelisglobal,org.openelisglobal.datasubmission.daoimpl,DataIndicatorDAOImpl,4,0,0,0,2,0,1,0,1,0
openelisglobal,org.openelisglobal.qaevent.worker,NonConformityUpdateWorker.NoteSet,6,0,0,0,1,0,1,0,1,0
openelisglobal,org.openelisglobal.qaevent.worker,NonConformityUpdateData,233,0,8,0,66,0,35,0,31,0
openelisglobal,org.openelisglobal.qaevent.worker,NonConformingEventWorkerImpl,655,0,30,0,159,0,26,0,11,0
openelisglobal,org.openelisglobal.qaevent.worker,NonConformityUpdateWorker,2058,0,214,0,439,0,135,0,28,0
openelisglobal,org.openelisglobal.label.dao,LabelDAOImpl,4,0,0,0,2,0,1,0,1,0
openelisglobal,org.openelisglobal.note.service,NoteServiceImpl.new Comparator() {...},12,0,0,0,2,0,2,0,2,0
openelisglobal,org.openelisglobal.note.service,NoteServiceImpl,723,0,75,0,162,0,70,0,31,0
openelisglobal,org.openelisglobal.note.service,NoteServiceImpl.BoundTo,44,0,0,0,2,0,1,0,1,0
openelisglobal,org.openelisglobal.note.service,NoteServiceImpl.NoteType,59,0,0,0,7,0,3,0,3,0
openelisglobal,org.openelisglobal.address.service,PersonAddressServiceImpl,0,28,0,0,0,7,0,5,0,5
openelisglobal,org.openelisglobal.address.service,OrganizationAddressServiceImpl,0,17,0,0,0,5,0,3,0,3
openelisglobal,org.openelisglobal.address.service,AddressPartServiceImpl,0,15,0,0,0,4,0,3,0,3
openelisglobal,org.openelisglobal.usertestsection.service,UserTestSectionServiceImpl,111,0,8,0,31,0,7,0,3,0
openelisglobal,org.openelisglobal.common.provider.validation,SubjectNumberValidationProvider,151,0,26,0,34,0,16,0,3,0
openelisglobal,org.openelisglobal.common.provider.validation,NonConformityRecordNumberValidationProvider,56,0,3,0,20,0,6,0,4,0
openelisglobal,org.openelisglobal.common.provider.validation,CityValidationProvider,79,0,4,0,22,0,6,0,4,0
openelisglobal,org.openelisglobal.common.provider.validation,ProgramAccessionValidator,478,0,88,0,136,0,66,0,19,0
openelisglobal,org.openelisglobal.common.provider.validation,SiteYearAccessionValidator,97,0,0,0,19,0,12,0,12,0
openelisglobal,org.openelisglobal.common.provider.validation,DigitAccessionValidator,216,0,18,0,55,0,29,0,19,0
openelisglobal,org.openelisglobal.common.provider.validation,MinnPasswordValidation,81,0,20,0,26,0,15,0,5,0
openelisglobal,org.openelisglobal.common.provider.validation,FileValidationProvider,70,0,4,0,22,0,6,0,4,0
openelisglobal,org.openelisglobal.common.provider.validation,BaseValidationProvider,13,0,0,0,5,0,3,0,3,0
openelisglobal,org.openelisglobal.common.provider.validation,PasswordValidationFactory,35,0,6,0,10,0,5,0,2,0
openelisglobal,org.openelisglobal.common.provider.validation,AnyAccessionValidator,29,0,0,0,14,0,14,0,14,0
openelisglobal,org.openelisglobal.common.provider.validation,DateValidationProvider,58,0,2,0,17,0,6,0,5,0
openelisglobal,org.openelisglobal.common.provider.validation,AccessionNumberValidatorFactory,279,0,54,0,70,0,47,0,12,0
openelisglobal,org.openelisglobal.common.provider.validation,AccessionNumberValidatorFactory.AccessionFormat,104,0,0,0,3,0,1,0,1,0
openelisglobal,org.openelisglobal.common.provider.validation,CDIPasswordValidation,14,0,0,0,3,0,3,0,3,0
openelisglobal,org.openelisglobal.common.provider.validation,HaitiPasswordValidation,34,0,8,0,6,0,8,0,4,0
openelisglobal,org.openelisglobal.common.provider.validation,AccessionNumberValidationProvider,361,0,90,0,108,0,49,0,4,0
openelisglobal,org.openelisglobal.common.provider.validation,ZipValidationProvider,79,0,4,0,22,0,6,0,4,0
openelisglobal,org.openelisglobal.common.provider.validation,QuickEntrySampleTypeValidationProvider,82,0,4,0,22,0,6,0,4,0
openelisglobal,org.openelisglobal.common.provider.validation,ValidationProviderFactory.SingletonHelper,5,0,0,0,1,0,1,0,1,0
openelisglobal,org.openelisglobal.common.provider.validation,ValidationProviderFactory,101,0,6,0,34,0,8,0,5,0
openelisglobal,org.openelisglobal.common.provider.validation,AlphanumAccessionValidator,520,0,46,0,116,0,51,0,28,0
openelisglobal,org.openelisglobal.common.provider.validation,SampleEntryAccessionNumberValidationProvider,185,0,35,0,44,0,21,0,3,0
openelisglobal,org.openelisglobal.common.provider.validation,YearNumAccessionValidator,375,0,46,0,82,0,43,0,19,0
openelisglobal,org.openelisglobal.common.provider.validation,CityStateZipComboValidationProvider,100,0,8,0,28,0,8,0,4,0
openelisglobal,org.openelisglobal.common.provider.validation,GeneralAccessionNumberValidator,275,0,34,0,56,0,31,0,14,0
openelisglobal,org.openelisglobal.common.provider.validation,AltYearAccessionValidator,216,0,8,0,40,0,20,0,16,0
openelisglobal,org.openelisglobal.common.provider.validation,BaseSiteYearAccessionValidator,265,0,30,0,66,0,26,0,11,0
openelisglobal,org.openelisglobal.common.provider.validation,IAccessionNumberValidator.ValidationResults,144,0,0,0,3,0,1,0,1,0
openelisglobal,org.openelisglobal.common.provider.validation,NonConformityRecordNumberValidationProvider.RecordValidation,34,0,2,0,12,0,6,0,5,0
openelisglobal,org.openelisglobal.common.provider.validation,PhoneNumberValidationProvider,45,0,2,0,15,0,4,0,3,0
openelisglobal,org.openelisglobal.common.provider.validation,NonConformityRecordNumberValidationProvider.RecordValidation.Validation,34,0,0,0,2,0,1,0,1,0
openelisglobal,org.openelisglobal.dataexchange.MalariaSurveilance,MalariaSurveilanceJob.ResponseHandler,51,0,4,0,17,0,6,0,4,0
openelisglobal,org.openelisglobal.dataexchange.MalariaSurveilance,MalariaSurveilanceJob,613,0,50,0,130,0,33,0,8,0
openelisglobal,org.openelisglobal.login.daoimpl,UserModuleServiceImpl,693,3,94,0,194,1,59,1,12,1
openelisglobal,org.openelisglobal.login.daoimpl,LoginUserDAOImpl,135,4,8,0,37,2,7,1,3,1
openelisglobal,org.openelisglobal.samplebatchentry.controller,SampleBatchEntrySetupController,123,0,10,0,33,0,12,0,7,0
openelisglobal,org.openelisglobal.samplebatchentry.controller,SampleBatchEntryByProjectController,370,0,34,0,85,0,29,0,12,0
openelisglobal,org.openelisglobal.samplebatchentry.controller,SampleBatchEntryController,559,0,32,0,110,0,25,0,9,0
openelisglobal,org.openelisglobal.dictionary.controller.rest,DictionaryMenuRestController,106,180,15,7,29,44,13,9,3,8
openelisglobal,org.openelisglobal.dictionary.controller.rest,DictionaryRestController,507,31,64,0,129,2,44,2,12,2
openelisglobal,org.openelisglobal.hibernate.resources.interceptor,LIMSTrimDataInterceptor,89,0,12,0,14,0,11,0,5,0
openelisglobal,org.openelisglobal.sample.action.util,SamplePatientUpdateData,1075,0,92,0,296,0,119,0,73,0
openelisglobal,org.openelisglobal.sampleproject.daoimpl,SampleProjectDAOImpl,183,0,6,0,49,0,9,0,6,0
openelisglobal,org.openelisglobal.scheduler.daoimpl,CronSchedulerDAOImpl,4,0,0,0,2,0,1,0,1,0
openelisglobal,org.openelisglobal.patientidentity.valueholder,PatientIdentity,0,31,0,0,0,13,0,9,0,9
openelisglobal,org.openelisglobal.dictionarycategory.service,DictionaryCategoryServiceImpl,51,12,6,0,12,4,6,3,3,3
